"../../../Engine/Content/EditorResources/S_Actor.ubulk" 0
"../../../Engine/Content/EditorResources/S_Actor.uasset" 1
"../../../Engine/Content/EditorResources/S_Actor.uexp" 2
"../../../Engine/Content/EditorResources/S_BoxReflectionCapture.uasset" 3
"../../../Engine/Content/EditorResources/S_BoxReflectionCapture.uexp" 4
"../../../Engine/Content/EngineResources/DefaultTexture.ubulk" 5
"../../../Engine/Content/EngineResources/DefaultTexture.uasset" 6
"../../../Engine/Content/EngineResources/DefaultTexture.uexp" 7
"../../../Engine/Content/EngineResources/DefaultTextureCube.uasset" 8
"../../../Engine/Content/EngineResources/DefaultTextureCube.uexp" 9
"../../../Engine/Content/EngineResources/DefaultVolumeTexture2D.uasset" 10
"../../../Engine/Content/EngineResources/DefaultVolumeTexture2D.uexp" 11
"../../../Engine/Content/EngineResources/DefaultVolumeTexture.uasset" 12
"../../../Engine/Content/EngineResources/DefaultVolumeTexture.uexp" 13
"../../../Engine/Content/EditorResources/S_Trigger.ubulk" 14
"../../../Engine/Content/EditorResources/S_Trigger.uasset" 15
"../../../Engine/Content/EditorResources/S_Trigger.uexp" 16
"../../../Engine/Content/EditorResources/S_TriggerBox.uasset" 17
"../../../Engine/Content/EditorResources/S_TriggerBox.uexp" 18
"../../../Engine/Content/EditorResources/S_TriggerCapsule.uasset" 19
"../../../Engine/Content/EditorResources/S_TriggerCapsule.uexp" 20
"../../../Engine/Content/EditorResources/S_TriggerSphere.uasset" 21
"../../../Engine/Content/EditorResources/S_TriggerSphere.uexp" 22
"../../../Engine/Content/EngineMeshes/Sphere.ubulk" 23
"../../../Engine/Content/EngineMeshes/Sphere.uasset" 24
"../../../Engine/Content/EngineMeshes/Sphere.uexp" 25
"../../../Engine/Content/EngineResources/GradientTexture0.uasset" 26
"../../../Engine/Content/EngineResources/GradientTexture0.uexp" 27
"../../../Engine/Content/EngineResources/Black.uasset" 28
"../../../Engine/Content/EngineResources/Black.uexp" 29
"../../../Engine/Content/VREditor/LaserPointer/VR_LaserPower_01.ubulk" 30
"../../../Engine/Content/VREditor/LaserPointer/VR_LaserPower_01.uasset" 31
"../../../Engine/Content/VREditor/LaserPointer/VR_LaserPower_01.uexp" 32
"../../../Engine/Content/VREditor/TransformGizmo/TransformGizmoMaterial.uasset" 33
"../../../Engine/Content/VREditor/TransformGizmo/TransformGizmoMaterial.uexp" 34
"../../../Engine/Content/VREditor/TransformGizmo/TranslucentTransformGizmoMaterial.uasset" 35
"../../../Engine/Content/VREditor/TransformGizmo/TranslucentTransformGizmoMaterial.uexp" 36
"../../../Engine/Content/VREditor/TransformGizmo/PlaneTranslationHandle.ubulk" 37
"../../../Engine/Content/VREditor/TransformGizmo/PlaneTranslationHandle.uasset" 38
"../../../Engine/Content/VREditor/TransformGizmo/PlaneTranslationHandle.uexp" 39
"../../../Engine/Content/VREditor/TransformGizmo/BoundingBoxCorner.ubulk" 40
"../../../Engine/Content/VREditor/TransformGizmo/BoundingBoxCorner.uasset" 41
"../../../Engine/Content/VREditor/TransformGizmo/BoundingBoxCorner.uexp" 42
"../../../Engine/Content/VREditor/TransformGizmo/BoundingBoxEdge.ubulk" 43
"../../../Engine/Content/VREditor/TransformGizmo/BoundingBoxEdge.uasset" 44
"../../../Engine/Content/VREditor/TransformGizmo/BoundingBoxEdge.uexp" 45
"../../../Engine/Content/VREditor/TransformGizmo/Main.uasset" 46
"../../../Engine/Content/VREditor/TransformGizmo/Main.uexp" 47
"../../../Engine/Content/VREditor/TransformGizmo/Xray.uasset" 48
"../../../Engine/Content/VREditor/TransformGizmo/Xray.uexp" 49
"../../../Engine/Content/VREditor/TransformGizmo/SM_Sequencer_Node.ubulk" 50
"../../../Engine/Content/VREditor/TransformGizmo/SM_Sequencer_Node.uasset" 51
"../../../Engine/Content/VREditor/TransformGizmo/SM_Sequencer_Node.uexp" 52
"../../../Engine/Content/EditorMaterials/Camera/CineMat.uasset" 53
"../../../Engine/Content/EditorMaterials/Camera/CineMat.uexp" 54
"../../../Engine/Content/EditorMaterials/Camera/MI_CineMat_Rig.uasset" 55
"../../../Engine/Content/EditorMaterials/Camera/MI_CineMat_Rig.uexp" 56
"../../../Engine/Content/EditorMeshes/Camera/SM_CraneRig_Base.ubulk" 57
"../../../Engine/Content/EditorMeshes/Camera/SM_CraneRig_Base.uasset" 58
"../../../Engine/Content/EditorMeshes/Camera/SM_CraneRig_Base.uexp" 59
"../../../Engine/Content/EditorMeshes/Camera/SM_CraneRig_Arm.ubulk" 60
"../../../Engine/Content/EditorMeshes/Camera/SM_CraneRig_Arm.uasset" 61
"../../../Engine/Content/EditorMeshes/Camera/SM_CraneRig_Arm.uexp" 62
"../../../Engine/Content/EditorMeshes/Camera/SM_CraneRig_Mount.ubulk" 63
"../../../Engine/Content/EditorMeshes/Camera/SM_CraneRig_Mount.uasset" 64
"../../../Engine/Content/EditorMeshes/Camera/SM_CraneRig_Mount.uexp" 65
"../../../Engine/Content/EditorMeshes/Camera/SM_CraneRig_Body.ubulk" 66
"../../../Engine/Content/EditorMeshes/Camera/SM_CraneRig_Body.uasset" 67
"../../../Engine/Content/EditorMeshes/Camera/SM_CraneRig_Body.uexp" 68
"../../../Engine/Content/EditorMeshes/Camera/SM_RailRig_Track.ubulk" 69
"../../../Engine/Content/EditorMeshes/Camera/SM_RailRig_Track.uasset" 70
"../../../Engine/Content/EditorMeshes/Camera/SM_RailRig_Track.uexp" 71
"../../../Engine/Content/EditorMeshes/Camera/SM_RailRig_Mount.ubulk" 72
"../../../Engine/Content/EditorMeshes/Camera/SM_RailRig_Mount.uasset" 73
"../../../Engine/Content/EditorMeshes/Camera/SM_RailRig_Mount.uexp" 74
"../../../Engine/Content/EngineMaterials/T_Default_Material_Grid_M.ubulk" 75
"../../../Engine/Content/EngineMaterials/T_Default_Material_Grid_M.uasset" 76
"../../../Engine/Content/EngineMaterials/T_Default_Material_Grid_M.uexp" 77
"../../../Engine/Content/EngineMaterials/T_Default_Material_Grid_N.ubulk" 78
"../../../Engine/Content/EngineMaterials/T_Default_Material_Grid_N.uasset" 79
"../../../Engine/Content/EngineMaterials/T_Default_Material_Grid_N.uexp" 80
"../../../Engine/Content/Functions/Engine_MaterialFunctions01/Opacity/CameraDepthFade.uasset" 81
"../../../Engine/Content/Functions/Engine_MaterialFunctions01/Opacity/CameraDepthFade.uexp" 82
"../../../Engine/Content/EngineMaterials/WorldGridMaterial.uasset" 83
"../../../Engine/Content/EngineMaterials/WorldGridMaterial.uexp" 84
"../../../Engine/Content/ArtTools/RenderToTexture/Meshes/S_1_Unit_Plane.ubulk" 85
"../../../Engine/Content/ArtTools/RenderToTexture/Meshes/S_1_Unit_Plane.uasset" 86
"../../../Engine/Content/ArtTools/RenderToTexture/Meshes/S_1_Unit_Plane.uexp" 87
"../../../Engine/Content/EditorMaterials/ParticleSystems/PSysThumbnail_NoImage.ubulk" 88
"../../../Engine/Content/EditorMaterials/ParticleSystems/PSysThumbnail_NoImage.uasset" 89
"../../../Engine/Content/EditorMaterials/ParticleSystems/PSysThumbnail_NoImage.uexp" 90
"../../../Engine/Content/EditorMaterials/ParticleSystems/PSysThumbnail_OOD.ubulk" 91
"../../../Engine/Content/EditorMaterials/ParticleSystems/PSysThumbnail_OOD.uasset" 92
"../../../Engine/Content/EditorMaterials/ParticleSystems/PSysThumbnail_OOD.uexp" 93
"../../../Engine/Content/EditorLandscapeResources/SplineEditorMeshMat.uasset" 94
"../../../Engine/Content/EditorLandscapeResources/SplineEditorMeshMat.uexp" 95
"../../../Engine/Content/EditorLandscapeResources/SplineEditorMesh.ubulk" 96
"../../../Engine/Content/EditorLandscapeResources/SplineEditorMesh.uasset" 97
"../../../Engine/Content/EditorLandscapeResources/SplineEditorMesh.uexp" 98
"../../../Engine/Content/EditorResources/S_Solver.ubulk" 99
"../../../Engine/Content/EditorResources/S_Solver.uasset" 100
"../../../Engine/Content/EditorResources/S_Solver.uexp" 101
"../../../Engine/Plugins/Media/MediaPlate/Content/SM_MediaPlateScreen.ubulk" 102
"../../../Engine/Plugins/Media/MediaPlate/Content/SM_MediaPlateScreen.uasset" 103
"../../../Engine/Plugins/Media/MediaPlate/Content/SM_MediaPlateScreen.uexp" 104
"../../../Engine/Content/EngineMaterials/Good64x64TilingNoiseHighFreq.uasset" 105
"../../../Engine/Content/EngineMaterials/Good64x64TilingNoiseHighFreq.uexp" 106
"../../../Engine/Content/EngineMaterials/DefaultBokeh.uasset" 107
"../../../Engine/Content/EngineMaterials/DefaultBokeh.uexp" 108
"../../../Engine/Content/EngineMaterials/PreintegratedSkinBRDF.uasset" 109
"../../../Engine/Content/EngineMaterials/PreintegratedSkinBRDF.uexp" 110
"../../../Engine/Content/EngineMaterials/MiniFont.uasset" 111
"../../../Engine/Content/EngineMaterials/MiniFont.uexp" 112
"../../../Engine/Content/EngineMaterials/WeightMapPlaceholderTexture.uasset" 113
"../../../Engine/Content/EngineMaterials/WeightMapPlaceholderTexture.uexp" 114
"../../../Engine/Content/EngineMaterials/DefaultWhiteGrid.ubulk" 115
"../../../Engine/Content/EngineMaterials/DefaultWhiteGrid.uasset" 116
"../../../Engine/Content/EngineMaterials/DefaultWhiteGrid.uexp" 117
"../../../Engine/Content/EngineMaterials/RemoveSurfaceMaterial.uasset" 118
"../../../Engine/Content/EngineMaterials/RemoveSurfaceMaterial.uexp" 119
"../../../Engine/Content/EditorResources/S_Terrain.ubulk" 120
"../../../Engine/Content/EditorResources/S_Terrain.uasset" 121
"../../../Engine/Content/EditorResources/S_Terrain.uexp" 122
"../../../Engine/Content/EditorResources/EmptyActor.uasset" 123
"../../../Engine/Content/EditorResources/EmptyActor.uexp" 124
"../../../Engine/Content/EditorResources/BSPVertex.uasset" 125
"../../../Engine/Content/EditorResources/BSPVertex.uexp" 126
"../../../Engine/Content/EditorResources/SequenceRecorder/RecordingIndicator.uasset" 127
"../../../Engine/Content/EditorResources/SequenceRecorder/RecordingIndicator.uexp" 128
"../../../Engine/Content/EditorResources/SequenceRecorder/Countdown.uasset" 129
"../../../Engine/Content/EditorResources/SequenceRecorder/Countdown.uexp" 130
"../../../Engine/Content/Animation/DefaultRecorderBoneCompression.uasset" 131
"../../../Engine/Content/Animation/DefaultRecorderBoneCompression.uexp" 132
"../../../Engine/Content/Animation/DefaultAnimCurveCompressionSettings.uasset" 133
"../../../Engine/Content/Animation/DefaultAnimCurveCompressionSettings.uexp" 134
"../../../Engine/Content/Animation/DefaultAnimBoneCompressionSettings.uasset" 135
"../../../Engine/Content/Animation/DefaultAnimBoneCompressionSettings.uexp" 136
"../../../Engine/Content/EngineMaterials/DefaultMaterial.uasset" 137
"../../../Engine/Content/EngineMaterials/DefaultMaterial.uexp" 138
"../../../Engine/Content/BasicShapes/Sphere.ubulk" 139
"../../../Engine/Content/BasicShapes/Sphere.uasset" 140
"../../../Engine/Content/BasicShapes/Sphere.uexp" 141
"../../../Engine/Content/BasicShapes/Plane.ubulk" 142
"../../../Engine/Content/BasicShapes/Plane.uasset" 143
"../../../Engine/Content/BasicShapes/Plane.uexp" 144
"../../../Engine/Content/BasicShapes/Cylinder.ubulk" 145
"../../../Engine/Content/BasicShapes/Cylinder.uasset" 146
"../../../Engine/Content/BasicShapes/Cylinder.uexp" 147
"../../../Engine/Content/BasicShapes/Cone.ubulk" 148
"../../../Engine/Content/BasicShapes/Cone.uasset" 149
"../../../Engine/Content/BasicShapes/Cone.uexp" 150
"../../../Engine/Content/EngineResources/FilmGrains/Marcie_Grain_v3_128_M2_000.uasset" 151
"../../../Engine/Content/EngineResources/FilmGrains/Marcie_Grain_v3_128_M2_000.uexp" 152
"../../../Engine/Content/EngineFonts/Faces/RobotoLight.uexp" 153
"../../../Engine/Content/EngineFonts/Faces/RobotoLight.uasset" 154
"../../../Engine/Content/EngineFonts/Faces/RobotoLight.ufont" 155
"../../../Engine/Content/EngineFonts/Faces/RobotoBold.uexp" 156
"../../../Engine/Content/EngineFonts/Faces/RobotoBold.uasset" 157
"../../../Engine/Content/EngineFonts/Faces/RobotoBold.ufont" 158
"../../../Engine/Content/EngineFonts/Faces/RobotoRegular.uexp" 159
"../../../Engine/Content/EngineFonts/Faces/RobotoRegular.uasset" 160
"../../../Engine/Content/EngineFonts/Faces/RobotoRegular.ufont" 161
"../../../Engine/Content/EngineFonts/Faces/DroidSansFallback.uexp" 162
"../../../Engine/Content/EngineFonts/Faces/DroidSansFallback.uasset" 163
"../../../Engine/Content/EngineFonts/Faces/DroidSansFallback.ufont" 164
"../../../Engine/Content/EngineFonts/Faces/RobotoItalic.uexp" 165
"../../../Engine/Content/EngineFonts/Faces/RobotoItalic.uasset" 166
"../../../Engine/Content/EngineFonts/Faces/RobotoItalic.ufont" 167
"../../../Engine/Content/EngineFonts/Faces/RobotoBoldItalic.uexp" 168
"../../../Engine/Content/EngineFonts/Faces/RobotoBoldItalic.uasset" 169
"../../../Engine/Content/EngineFonts/Faces/RobotoBoldItalic.ufont" 170
"../../../Engine/Content/EngineFonts/Roboto.uasset" 171
"../../../Engine/Content/EngineFonts/Roboto.uexp" 172
"../../../Engine/Content/EngineResources/WhiteSquareTexture.uasset" 173
"../../../Engine/Content/EngineResources/WhiteSquareTexture.uexp" 174
"../../../Engine/Content/EngineMaterials/Widget3DPassThrough.uasset" 175
"../../../Engine/Content/EngineMaterials/Widget3DPassThrough.uexp" 176
"../../../Engine/Content/EngineMaterials/Widget3DPassThrough_Translucent.uasset" 177
"../../../Engine/Content/EngineMaterials/Widget3DPassThrough_Translucent.uexp" 178
"../../../Engine/Content/EngineMaterials/Widget3DPassThrough_Translucent_OneSided.uasset" 179
"../../../Engine/Content/EngineMaterials/Widget3DPassThrough_Translucent_OneSided.uexp" 180
"../../../Engine/Content/EngineMaterials/Widget3DPassThrough_Opaque.uasset" 181
"../../../Engine/Content/EngineMaterials/Widget3DPassThrough_Opaque.uexp" 182
"../../../Engine/Content/EngineMaterials/Widget3DPassThrough_Opaque_OneSided.uasset" 183
"../../../Engine/Content/EngineMaterials/Widget3DPassThrough_Opaque_OneSided.uexp" 184
"../../../Engine/Content/EngineMaterials/Widget3DPassThrough_Masked_OneSided.uasset" 185
"../../../Engine/Content/EngineMaterials/Widget3DPassThrough_Masked_OneSided.uexp" 186
"../../../Engine/Content/EngineMaterials/Widget3DPassThrough_Masked.uasset" 187
"../../../Engine/Content/EngineMaterials/Widget3DPassThrough_Masked.uexp" 188
"../../../Engine/Content/EngineMaterials/STBlueNoise_vec2_128x128x64.uasset" 189
"../../../Engine/Content/EngineMaterials/STBlueNoise_vec2_128x128x64.uexp" 190
"../../../Engine/Content/EngineMaterials/STBlueNoise_scalar_128x128x64.uasset" 191
"../../../Engine/Content/EngineMaterials/STBlueNoise_scalar_128x128x64.uexp" 192
"../../../Engine/Content/EngineMaterials/DefaultCalibrationGrayscale.uasset" 193
"../../../Engine/Content/EngineMaterials/DefaultCalibrationGrayscale.uexp" 194
"../../../Engine/Content/EngineMaterials/PPM_DefaultCalibrationGrayscale.uasset" 195
"../../../Engine/Content/EngineMaterials/PPM_DefaultCalibrationGrayscale.uexp" 196
"../../../Engine/Content/EngineMaterials/DefaultCalibrationColor.uasset" 197
"../../../Engine/Content/EngineMaterials/DefaultCalibrationColor.uexp" 198
"../../../Engine/Content/EngineMaterials/PPM_DefaultCalibrationColor.uasset" 199
"../../../Engine/Content/EngineMaterials/PPM_DefaultCalibrationColor.uexp" 200
"../../../Engine/Content/Functions/Engine_MaterialFunctions02/WorldPositionOffset/CameraOffset.uasset" 201
"../../../Engine/Content/Functions/Engine_MaterialFunctions02/WorldPositionOffset/CameraOffset.uexp" 202
"../../../Engine/Content/EngineMaterials/PhAT_JointLimitMaterial.uasset" 203
"../../../Engine/Content/EngineMaterials/PhAT_JointLimitMaterial.uexp" 204
"../../../Engine/Content/EngineMaterials/InvalidLightmapSettings.ubulk" 205
"../../../Engine/Content/EngineMaterials/InvalidLightmapSettings.uasset" 206
"../../../Engine/Content/EngineMaterials/InvalidLightmapSettings.uexp" 207
"../../../Engine/Content/EngineMaterials/M_InvalidLightmapSettings.uasset" 208
"../../../Engine/Content/EngineMaterials/M_InvalidLightmapSettings.uexp" 209
"../../../Engine/Content/EngineMaterials/GizmoMaterial.uasset" 210
"../../../Engine/Content/EngineMaterials/GizmoMaterial.uexp" 211
"../../../Engine/Content/EngineMaterials/BaseFlattenEmissiveMap_VT.uasset" 212
"../../../Engine/Content/EngineMaterials/BaseFlattenEmissiveMap_VT.uexp" 213
"../../../Engine/Content/EngineMaterials/BaseFlattenGrayscaleMap_VT.uasset" 214
"../../../Engine/Content/EngineMaterials/BaseFlattenGrayscaleMap_VT.uexp" 215
"../../../Engine/Content/EngineMaterials/BaseFlattenLinearColor_VT.uasset" 216
"../../../Engine/Content/EngineMaterials/BaseFlattenLinearColor_VT.uexp" 217
"../../../Engine/Content/EngineMaterials/Black_1x1_EXR_Texture_VT.uasset" 218
"../../../Engine/Content/EngineMaterials/Black_1x1_EXR_Texture_VT.uexp" 219
"../../../Engine/Content/EngineMaterials/BaseFlattenDiffuseMap_VT.uasset" 220
"../../../Engine/Content/EngineMaterials/BaseFlattenDiffuseMap_VT.uexp" 221
"../../../Engine/Content/EngineMaterials/BaseFlattenNormalMap_VT.uasset" 222
"../../../Engine/Content/EngineMaterials/BaseFlattenNormalMap_VT.uexp" 223
"../../../Engine/Content/EngineMaterials/FlattenMaterial_WS_Normal_VT.uasset" 224
"../../../Engine/Content/EngineMaterials/FlattenMaterial_WS_Normal_VT.uexp" 225
"../../../Engine/Content/EngineMaterials/FlattenMaterial_VT.uasset" 226
"../../../Engine/Content/EngineMaterials/FlattenMaterial_VT.uexp" 227
"../../../Engine/Content/EngineMaterials/BaseFlattenNormalMap.uasset" 228
"../../../Engine/Content/EngineMaterials/BaseFlattenNormalMap.uexp" 229
"../../../Engine/Content/EngineMaterials/BaseFlattenGrayscaleMap.uasset" 230
"../../../Engine/Content/EngineMaterials/BaseFlattenGrayscaleMap.uexp" 231
"../../../Engine/Content/EngineMaterials/BaseFlattenDiffuseMap.uasset" 232
"../../../Engine/Content/EngineMaterials/BaseFlattenDiffuseMap.uexp" 233
"../../../Engine/Content/Functions/Engine_MaterialFunctions02/PivotPainter2/Black_1x1_EXR_Texture.uasset" 234
"../../../Engine/Content/Functions/Engine_MaterialFunctions02/PivotPainter2/Black_1x1_EXR_Texture.uexp" 235
"../../../Engine/Content/EngineMaterials/BaseFlattenEmissiveMap.uasset" 236
"../../../Engine/Content/EngineMaterials/BaseFlattenEmissiveMap.uexp" 237
"../../../Engine/Content/EngineMaterials/BaseFlattenLinearColor.uasset" 238
"../../../Engine/Content/EngineMaterials/BaseFlattenLinearColor.uexp" 239
"../../../Engine/Content/EngineMaterials/FlattenMaterial.uasset" 240
"../../../Engine/Content/EngineMaterials/FlattenMaterial.uexp" 241
"../../../Engine/Content/EngineMaterials/DefaultWhiteGrid_Low.uasset" 242
"../../../Engine/Content/EngineMaterials/DefaultWhiteGrid_Low.uexp" 243
"../../../Engine/Content/EngineMaterials/EmissiveMeshMaterial.uasset" 244
"../../../Engine/Content/EngineMaterials/EmissiveMeshMaterial.uexp" 245
"../../../Engine/Content/EngineFonts/RobotoDistanceField.uasset" 246
"../../../Engine/Content/EngineFonts/RobotoDistanceField.uexp" 247
"../../../Engine/Content/EngineMaterials/DefaultTextMaterialOpaque.uasset" 248
"../../../Engine/Content/EngineMaterials/DefaultTextMaterialOpaque.uexp" 249
"../../../Engine/Content/EngineMaterials/DefaultDiffuse.ubulk" 250
"../../../Engine/Content/EngineMaterials/DefaultDiffuse.uasset" 251
"../../../Engine/Content/EngineMaterials/DefaultDiffuse.uexp" 252
"../../../Engine/Content/Functions/Engine_MaterialFunctions02/Utility/BreakOutFloat2Components.uasset" 253
"../../../Engine/Content/Functions/Engine_MaterialFunctions02/Utility/BreakOutFloat2Components.uexp" 254
"../../../Engine/Content/EngineMaterials/DefaultPostProcessMaterial.uasset" 255
"../../../Engine/Content/EngineMaterials/DefaultPostProcessMaterial.uexp" 256
"../../../Engine/Content/EngineMaterials/DefaultPhysicalMaterial.uasset" 257
"../../../Engine/Content/EngineMaterials/DefaultPhysicalMaterial.uexp" 258
"../../../Engine/Content/EngineMaterials/DefaultLightFunctionMaterial.uasset" 259
"../../../Engine/Content/EngineMaterials/DefaultLightFunctionMaterial.uexp" 260
"../../../Engine/Content/EngineMaterials/DefaultDestructiblePhysicalMaterial.uasset" 261
"../../../Engine/Content/EngineMaterials/DefaultDestructiblePhysicalMaterial.uexp" 262
"../../../Engine/Content/EngineMaterials/DefaultDeferredDecalMaterial.uasset" 263
"../../../Engine/Content/EngineMaterials/DefaultDeferredDecalMaterial.uexp" 264
"../../../Engine/Content/EngineMaterials/DefaultBloomKernel.uasset" 265
"../../../Engine/Content/EngineMaterials/DefaultBloomKernel.uexp" 266
"../../../Engine/Plugins/Runtime/MeshModelingToolset/Content/Materials/M_DynamicMeshComponentVtxColor.uasset" 267
"../../../Engine/Plugins/Runtime/MeshModelingToolset/Content/Materials/M_DynamicMeshComponentVtxColor.uexp" 268
"../../../Engine/Content/EngineSky/VolumetricClouds/CloudWeatherTexture.uasset" 269
"../../../Engine/Content/EngineSky/VolumetricClouds/CloudWeatherTexture.uexp" 270
"../../../Engine/Content/Functions/Engine_MaterialFunctions02/Utility/MakeFloat2.uasset" 271
"../../../Engine/Content/Functions/Engine_MaterialFunctions02/Utility/MakeFloat2.uexp" 272
"../../../Engine/Content/EngineSky/VolumetricClouds/CloudGradientTexture.uasset" 273
"../../../Engine/Content/EngineSky/VolumetricClouds/CloudGradientTexture.uexp" 274
"../../../Engine/Content/EngineSky/VolumetricClouds/T_NoiseShape64.ubulk" 275
"../../../Engine/Content/EngineSky/VolumetricClouds/T_NoiseShape64.uasset" 276
"../../../Engine/Content/EngineSky/VolumetricClouds/T_NoiseShape64.uexp" 277
"../../../Engine/Content/EngineSky/VolumetricClouds/T_VolumeNoiseShape64.uasset" 278
"../../../Engine/Content/EngineSky/VolumetricClouds/T_VolumeNoiseShape64.uexp" 279
"../../../Engine/Content/EngineSky/VolumetricClouds/T_NoiseErosion.ubulk" 280
"../../../Engine/Content/EngineSky/VolumetricClouds/T_NoiseErosion.uasset" 281
"../../../Engine/Content/EngineSky/VolumetricClouds/T_NoiseErosion.uexp" 282
"../../../Engine/Content/EngineSky/VolumetricClouds/T_VolumeNoiseErosion32.uasset" 283
"../../../Engine/Content/EngineSky/VolumetricClouds/T_VolumeNoiseErosion32.uexp" 284
"../../../Engine/Content/EngineSky/VolumetricClouds/m_SimpleVolumetricCloud.uasset" 285
"../../../Engine/Content/EngineSky/VolumetricClouds/m_SimpleVolumetricCloud.uexp" 286
"../../../Engine/Content/EngineSky/VolumetricClouds/m_SimpleVolumetricCloud_Inst.uasset" 287
"../../../Engine/Content/EngineSky/VolumetricClouds/m_SimpleVolumetricCloud_Inst.uexp" 288
"../../../Engine/Content/EditorLandscapeResources/DefaultAlphaTexture.uasset" 289
"../../../Engine/Content/EditorLandscapeResources/DefaultAlphaTexture.uexp" 290
"../../../Engine/Content/EditorLandscapeResources/DataLayer.uasset" 291
"../../../Engine/Content/EditorLandscapeResources/DataLayer.uexp" 292
"../../../Engine/Content/EditorMaterials/PreviewShadowIndicator.ubulk" 293
"../../../Engine/Content/EditorMaterials/PreviewShadowIndicator.uasset" 294
"../../../Engine/Content/EditorMaterials/PreviewShadowIndicator.uexp" 295
"../../../Engine/Content/EditorMaterials/PreviewShadowIndicatorMaterial.uasset" 296
"../../../Engine/Content/EditorMaterials/PreviewShadowIndicatorMaterial.uexp" 297
"../../../Engine/Content/EditorMaterials/PhAT_UnselectedMaterial.uasset" 298
"../../../Engine/Content/EditorMaterials/PhAT_UnselectedMaterial.uexp" 299
"../../../Engine/Content/EditorMaterials/PhAT_NoCollisionMaterial.uasset" 300
"../../../Engine/Content/EditorMaterials/PhAT_NoCollisionMaterial.uexp" 301
"../../../Engine/Content/Functions/Engine_MaterialFunctions02/Utility/MakeFloat4.uasset" 302
"../../../Engine/Content/Functions/Engine_MaterialFunctions02/Utility/MakeFloat4.uexp" 303
"../../../Engine/Content/Functions/Engine_MaterialFunctions02/Utility/MakeFloat3.uasset" 304
"../../../Engine/Content/Functions/Engine_MaterialFunctions02/Utility/MakeFloat3.uexp" 305
"../../../Engine/Content/Functions/Engine_MaterialFunctions02/Utility/BreakOutFloat3Components.uasset" 306
"../../../Engine/Content/Functions/Engine_MaterialFunctions02/Utility/BreakOutFloat3Components.uexp" 307
"../../../Engine/Content/EditorMaterials/WorldPartition/WorldPartitionSpatialHashGridPreviewMaterial.uasset" 308
"../../../Engine/Content/EditorMaterials/WorldPartition/WorldPartitionSpatialHashGridPreviewMaterial.uexp" 309
"../../../Engine/Content/EngineDamageTypes/DmgTypeBP_Environmental.uasset" 310
"../../../Engine/Content/EngineDamageTypes/DmgTypeBP_Environmental.uexp" 311
"../../../Engine/Content/Functions/Engine_MaterialFunctions02/Utility/CameraDirectionVector.uasset" 312
"../../../Engine/Content/Functions/Engine_MaterialFunctions02/Utility/CameraDirectionVector.uexp" 313
"../../../Engine/Content/EngineDebugMaterials/VolumeToRender.uasset" 314
"../../../Engine/Content/EngineDebugMaterials/VolumeToRender.uexp" 315
"../../../Engine/Content/EngineDebugMaterials/M_VolumeRenderSphereTracePP.uasset" 316
"../../../Engine/Content/EngineDebugMaterials/M_VolumeRenderSphereTracePP.uexp" 317
"../../../Engine/Content/EngineDebugMaterials/M_SimpleUnlitTranslucent.uasset" 318
"../../../Engine/Content/EngineDebugMaterials/M_SimpleUnlitTranslucent.uexp" 319
"../../../Engine/Content/EngineDebugMaterials/DebugMeshMaterial.uasset" 320
"../../../Engine/Content/EngineDebugMaterials/DebugMeshMaterial.uexp" 321
"../../../Engine/Content/EngineDebugMaterials/DebugEditorMaterial.uasset" 322
"../../../Engine/Content/EngineDebugMaterials/DebugEditorMaterial.uexp" 323
"../../../Engine/Content/EngineSounds/Master.uasset" 324
"../../../Engine/Content/EngineSounds/Master.uexp" 325
"../../../Engine/Content/Functions/Engine_MaterialFunctions01/Shading/PowerToRoughness.uasset" 326
"../../../Engine/Content/Functions/Engine_MaterialFunctions01/Shading/PowerToRoughness.uexp" 327
"../../../Engine/Content/MobileResources/HUD/VirtualJoystick_Background.uasset" 328
"../../../Engine/Content/MobileResources/HUD/VirtualJoystick_Background.uexp" 329
"../../../Engine/Content/MobileResources/HUD/VirtualJoystick_Thumb.uasset" 330
"../../../Engine/Content/MobileResources/HUD/VirtualJoystick_Thumb.uexp" 331
"../../../Engine/Content/MobileResources/HUD/DefaultVirtualJoysticks.uasset" 332
"../../../Engine/Content/MobileResources/HUD/DefaultVirtualJoysticks.uexp" 333
"D:/Emergency Management/EmergencyManagement/Content/ART/NodeEditorAssets/Nodes_Parts/Background.uasset" 334
"D:/Emergency Management/EmergencyManagement/Content/ART/NodeEditorAssets/Nodes_Parts/Background.uexp" 335
"D:/Emergency Management/EmergencyManagement/Content/NodeEditor/Widgets/CustomCursor_CreateNode.uasset" 336
"D:/Emergency Management/EmergencyManagement/Content/NodeEditor/Widgets/CustomCursor_CreateNode.uexp" 337
"../../../Engine/Plugins/Animation/ControlRig/Content/M_Manip.uasset" 338
"../../../Engine/Plugins/Animation/ControlRig/Content/M_Manip.uexp" 339
"../../../Engine/Plugins/Animation/ControlRig/Content/Controls/DefaultGizmoLibraryNormalized.uasset" 340
"../../../Engine/Plugins/Animation/ControlRig/Content/Controls/DefaultGizmoLibraryNormalized.uexp" 341
"../../../Engine/Plugins/Animation/ControlRig/Content/Controls/ControlRig_Wedge_solid.ubulk" 342
"../../../Engine/Plugins/Animation/ControlRig/Content/Controls/ControlRig_Wedge_solid.uasset" 343
"../../../Engine/Plugins/Animation/ControlRig/Content/Controls/ControlRig_Wedge_solid.uexp" 344
"../../../Engine/Plugins/Animation/ControlRig/Content/Controls/ControlRig_Wedge_3mm.ubulk" 345
"../../../Engine/Plugins/Animation/ControlRig/Content/Controls/ControlRig_Wedge_3mm.uasset" 346
"../../../Engine/Plugins/Animation/ControlRig/Content/Controls/ControlRig_Wedge_3mm.uexp" 347
"../../../Engine/Plugins/Animation/ControlRig/Content/Controls/ControlRig_Wedge_1mm.ubulk" 348
"../../../Engine/Plugins/Animation/ControlRig/Content/Controls/ControlRig_Wedge_1mm.uasset" 349
"../../../Engine/Plugins/Animation/ControlRig/Content/Controls/ControlRig_Wedge_1mm.uexp" 350
"../../../Engine/Plugins/Animation/ControlRig/Content/Controls/ControlRig_Triangle_solid.ubulk" 351
"../../../Engine/Plugins/Animation/ControlRig/Content/Controls/ControlRig_Triangle_solid.uasset" 352
"../../../Engine/Plugins/Animation/ControlRig/Content/Controls/ControlRig_Triangle_solid.uexp" 353
"../../../Engine/Plugins/Animation/ControlRig/Content/Controls/ControlRig_Triangle_3mm.ubulk" 354
"../../../Engine/Plugins/Animation/ControlRig/Content/Controls/ControlRig_Triangle_3mm.uasset" 355
"../../../Engine/Plugins/Animation/ControlRig/Content/Controls/ControlRig_Triangle_3mm.uexp" 356
"../../../Engine/Plugins/Animation/ControlRig/Content/Controls/ControlRig_Triangle_1mm.ubulk" 357
"../../../Engine/Plugins/Animation/ControlRig/Content/Controls/ControlRig_Triangle_1mm.uasset" 358
"../../../Engine/Plugins/Animation/ControlRig/Content/Controls/ControlRig_Triangle_1mm.uexp" 359
"../../../Engine/Plugins/Animation/ControlRig/Content/Controls/ControlRig_Star4_solid.ubulk" 360
"../../../Engine/Plugins/Animation/ControlRig/Content/Controls/ControlRig_Star4_solid.uasset" 361
"../../../Engine/Plugins/Animation/ControlRig/Content/Controls/ControlRig_Star4_solid.uexp" 362
"../../../Engine/Plugins/Animation/ControlRig/Content/Controls/ControlRig_Star4_3mm.ubulk" 363
"../../../Engine/Plugins/Animation/ControlRig/Content/Controls/ControlRig_Star4_3mm.uasset" 364
"../../../Engine/Plugins/Animation/ControlRig/Content/Controls/ControlRig_Star4_3mm.uexp" 365
"../../../Engine/Plugins/Animation/ControlRig/Content/Controls/ControlRig_Star4_1mm.ubulk" 366
"../../../Engine/Plugins/Animation/ControlRig/Content/Controls/ControlRig_Star4_1mm.uasset" 367
"../../../Engine/Plugins/Animation/ControlRig/Content/Controls/ControlRig_Star4_1mm.uexp" 368
"../../../Engine/Plugins/Animation/ControlRig/Content/Controls/ControlRig_Square_solid.ubulk" 369
"../../../Engine/Plugins/Animation/ControlRig/Content/Controls/ControlRig_Square_solid.uasset" 370
"../../../Engine/Plugins/Animation/ControlRig/Content/Controls/ControlRig_Square_solid.uexp" 371
"../../../Engine/Plugins/Animation/ControlRig/Content/Controls/ControlRig_Square_3mm.ubulk" 372
"../../../Engine/Plugins/Animation/ControlRig/Content/Controls/ControlRig_Square_3mm.uasset" 373
"../../../Engine/Plugins/Animation/ControlRig/Content/Controls/ControlRig_Square_3mm.uexp" 374
"../../../Engine/Plugins/Animation/ControlRig/Content/Controls/ControlRig_Square_1mm.ubulk" 375
"../../../Engine/Plugins/Animation/ControlRig/Content/Controls/ControlRig_Square_1mm.uasset" 376
"../../../Engine/Plugins/Animation/ControlRig/Content/Controls/ControlRig_Square_1mm.uexp" 377
"../../../Engine/Plugins/Animation/ControlRig/Content/Controls/ControlRig_Sphere_solid.ubulk" 378
"../../../Engine/Plugins/Animation/ControlRig/Content/Controls/ControlRig_Sphere_solid.uasset" 379
"../../../Engine/Plugins/Animation/ControlRig/Content/Controls/ControlRig_Sphere_solid.uexp" 380
"../../../Engine/Plugins/Animation/ControlRig/Content/Controls/ControlRig_Sphere_3mm.ubulk" 381
"../../../Engine/Plugins/Animation/ControlRig/Content/Controls/ControlRig_Sphere_3mm.uasset" 382
"../../../Engine/Plugins/Animation/ControlRig/Content/Controls/ControlRig_Sphere_3mm.uexp" 383
"../../../Engine/Plugins/Animation/ControlRig/Content/Controls/ControlRig_Sphere_1mm.ubulk" 384
"../../../Engine/Plugins/Animation/ControlRig/Content/Controls/ControlRig_Sphere_1mm.uasset" 385
"../../../Engine/Plugins/Animation/ControlRig/Content/Controls/ControlRig_Sphere_1mm.uexp" 386
"../../../Engine/Plugins/Animation/ControlRig/Content/Controls/ControlRig_RoundedTriangle_solid.ubulk" 387
"../../../Engine/Plugins/Animation/ControlRig/Content/Controls/ControlRig_RoundedTriangle_solid.uasset" 388
"../../../Engine/Plugins/Animation/ControlRig/Content/Controls/ControlRig_RoundedTriangle_solid.uexp" 389
"../../../Engine/Plugins/Animation/ControlRig/Content/Controls/ControlRig_RoundedTriangle_3mm.ubulk" 390
"../../../Engine/Plugins/Animation/ControlRig/Content/Controls/ControlRig_RoundedTriangle_3mm.uasset" 391
"../../../Engine/Plugins/Animation/ControlRig/Content/Controls/ControlRig_RoundedTriangle_3mm.uexp" 392
"../../../Engine/Plugins/Animation/ControlRig/Content/Controls/ControlRig_RoundedTriangle_1mm.ubulk" 393
"../../../Engine/Plugins/Animation/ControlRig/Content/Controls/ControlRig_RoundedTriangle_1mm.uasset" 394
"../../../Engine/Plugins/Animation/ControlRig/Content/Controls/ControlRig_RoundedTriangle_1mm.uexp" 395
"../../../Engine/Plugins/Animation/ControlRig/Content/Controls/ControlRig_RoundedSquare_solid.ubulk" 396
"../../../Engine/Plugins/Animation/ControlRig/Content/Controls/ControlRig_RoundedSquare_solid.uasset" 397
"../../../Engine/Plugins/Animation/ControlRig/Content/Controls/ControlRig_RoundedSquare_solid.uexp" 398
"../../../Engine/Plugins/Animation/ControlRig/Content/Controls/ControlRig_RoundedSquare_3mm.ubulk" 399
"../../../Engine/Plugins/Animation/ControlRig/Content/Controls/ControlRig_RoundedSquare_3mm.uasset" 400
"../../../Engine/Plugins/Animation/ControlRig/Content/Controls/ControlRig_RoundedSquare_3mm.uexp" 401
"../../../Engine/Plugins/Animation/ControlRig/Content/Controls/ControlRig_RoundedSquare_1mm.ubulk" 402
"../../../Engine/Plugins/Animation/ControlRig/Content/Controls/ControlRig_RoundedSquare_1mm.uasset" 403
"../../../Engine/Plugins/Animation/ControlRig/Content/Controls/ControlRig_RoundedSquare_1mm.uexp" 404
"../../../Engine/Plugins/Animation/ControlRig/Content/Controls/ControlRig_QuarterCircle_solid.ubulk" 405
"../../../Engine/Plugins/Animation/ControlRig/Content/Controls/ControlRig_QuarterCircle_solid.uasset" 406
"../../../Engine/Plugins/Animation/ControlRig/Content/Controls/ControlRig_QuarterCircle_solid.uexp" 407
"../../../Engine/Plugins/Animation/ControlRig/Content/Controls/ControlRig_QuarterCircle_3mm.ubulk" 408
"../../../Engine/Plugins/Animation/ControlRig/Content/Controls/ControlRig_QuarterCircle_3mm.uasset" 409
"../../../Engine/Plugins/Animation/ControlRig/Content/Controls/ControlRig_QuarterCircle_3mm.uexp" 410
"../../../Engine/Plugins/Animation/ControlRig/Content/Controls/ControlRig_QuarterCircle_1mm.ubulk" 411
"../../../Engine/Plugins/Animation/ControlRig/Content/Controls/ControlRig_QuarterCircle_1mm.uasset" 412
"../../../Engine/Plugins/Animation/ControlRig/Content/Controls/ControlRig_QuarterCircle_1mm.uexp" 413
"../../../Engine/Plugins/Animation/ControlRig/Content/Controls/ControlRig_Pyramid_solid.ubulk" 414
"../../../Engine/Plugins/Animation/ControlRig/Content/Controls/ControlRig_Pyramid_solid.uasset" 415
"../../../Engine/Plugins/Animation/ControlRig/Content/Controls/ControlRig_Pyramid_solid.uexp" 416
"../../../Engine/Plugins/Animation/ControlRig/Content/Controls/ControlRig_Pyramid_3mm.ubulk" 417
"../../../Engine/Plugins/Animation/ControlRig/Content/Controls/ControlRig_Pyramid_3mm.uasset" 418
"../../../Engine/Plugins/Animation/ControlRig/Content/Controls/ControlRig_Pyramid_3mm.uexp" 419
"../../../Engine/Plugins/Animation/ControlRig/Content/Controls/ControlRig_Pyramid_1mm.ubulk" 420
"../../../Engine/Plugins/Animation/ControlRig/Content/Controls/ControlRig_Pyramid_1mm.uasset" 421
"../../../Engine/Plugins/Animation/ControlRig/Content/Controls/ControlRig_Pyramid_1mm.uexp" 422
"../../../Engine/Plugins/Animation/ControlRig/Content/Controls/ControlRig_Octagon_solid.ubulk" 423
"../../../Engine/Plugins/Animation/ControlRig/Content/Controls/ControlRig_Octagon_solid.uasset" 424
"../../../Engine/Plugins/Animation/ControlRig/Content/Controls/ControlRig_Octagon_solid.uexp" 425
"../../../Engine/Plugins/Animation/ControlRig/Content/Controls/ControlRig_Octagon_3mm.ubulk" 426
"../../../Engine/Plugins/Animation/ControlRig/Content/Controls/ControlRig_Octagon_3mm.uasset" 427
"../../../Engine/Plugins/Animation/ControlRig/Content/Controls/ControlRig_Octagon_3mm.uexp" 428
"../../../Engine/Plugins/Animation/ControlRig/Content/Controls/ControlRig_Octagon_1mm.ubulk" 429
"../../../Engine/Plugins/Animation/ControlRig/Content/Controls/ControlRig_Octagon_1mm.uasset" 430
"../../../Engine/Plugins/Animation/ControlRig/Content/Controls/ControlRig_Octagon_1mm.uexp" 431
"../../../Engine/Plugins/Animation/ControlRig/Content/Controls/ControlRig_Hexagon_solid.ubulk" 432
"../../../Engine/Plugins/Animation/ControlRig/Content/Controls/ControlRig_Hexagon_solid.uasset" 433
"../../../Engine/Plugins/Animation/ControlRig/Content/Controls/ControlRig_Hexagon_solid.uexp" 434
"../../../Engine/Plugins/Animation/ControlRig/Content/Controls/ControlRig_Hexagon_3mm.ubulk" 435
"../../../Engine/Plugins/Animation/ControlRig/Content/Controls/ControlRig_Hexagon_3mm.uasset" 436
"../../../Engine/Plugins/Animation/ControlRig/Content/Controls/ControlRig_Hexagon_3mm.uexp" 437
"../../../Engine/Plugins/Animation/ControlRig/Content/Controls/ControlRig_Hexagon_1mm.ubulk" 438
"../../../Engine/Plugins/Animation/ControlRig/Content/Controls/ControlRig_Hexagon_1mm.uasset" 439
"../../../Engine/Plugins/Animation/ControlRig/Content/Controls/ControlRig_Hexagon_1mm.uexp" 440
"../../../Engine/Plugins/Animation/ControlRig/Content/Controls/ControlRig_HalfCircle_solid.ubulk" 441
"../../../Engine/Plugins/Animation/ControlRig/Content/Controls/ControlRig_HalfCircle_solid.uasset" 442
"../../../Engine/Plugins/Animation/ControlRig/Content/Controls/ControlRig_HalfCircle_solid.uexp" 443
"../../../Engine/Plugins/Animation/ControlRig/Content/Controls/ControlRig_HalfCircle_3mm.ubulk" 444
"../../../Engine/Plugins/Animation/ControlRig/Content/Controls/ControlRig_HalfCircle_3mm.uasset" 445
"../../../Engine/Plugins/Animation/ControlRig/Content/Controls/ControlRig_HalfCircle_3mm.uexp" 446
"../../../Engine/Plugins/Animation/ControlRig/Content/Controls/ControlRig_HalfCircle_1mm.ubulk" 447
"../../../Engine/Plugins/Animation/ControlRig/Content/Controls/ControlRig_HalfCircle_1mm.uasset" 448
"../../../Engine/Plugins/Animation/ControlRig/Content/Controls/ControlRig_HalfCircle_1mm.uexp" 449
"../../../Engine/Plugins/Animation/ControlRig/Content/Controls/ControlRig_Diamond_solid.ubulk" 450
"../../../Engine/Plugins/Animation/ControlRig/Content/Controls/ControlRig_Diamond_solid.uasset" 451
"../../../Engine/Plugins/Animation/ControlRig/Content/Controls/ControlRig_Diamond_solid.uexp" 452
"../../../Engine/Plugins/Animation/ControlRig/Content/Controls/ControlRig_Diamond_3mm.ubulk" 453
"../../../Engine/Plugins/Animation/ControlRig/Content/Controls/ControlRig_Diamond_3mm.uasset" 454
"../../../Engine/Plugins/Animation/ControlRig/Content/Controls/ControlRig_Diamond_3mm.uexp" 455
"../../../Engine/Plugins/Animation/ControlRig/Content/Controls/ControlRig_Diamond_1mm.ubulk" 456
"../../../Engine/Plugins/Animation/ControlRig/Content/Controls/ControlRig_Diamond_1mm.uasset" 457
"../../../Engine/Plugins/Animation/ControlRig/Content/Controls/ControlRig_Diamond_1mm.uexp" 458
"../../../Engine/Plugins/Animation/ControlRig/Content/Controls/ControlRig_Circle_solid.ubulk" 459
"../../../Engine/Plugins/Animation/ControlRig/Content/Controls/ControlRig_Circle_solid.uasset" 460
"../../../Engine/Plugins/Animation/ControlRig/Content/Controls/ControlRig_Circle_solid.uexp" 461
"../../../Engine/Plugins/Animation/ControlRig/Content/Controls/ControlRig_Circle_3mm.ubulk" 462
"../../../Engine/Plugins/Animation/ControlRig/Content/Controls/ControlRig_Circle_3mm.uasset" 463
"../../../Engine/Plugins/Animation/ControlRig/Content/Controls/ControlRig_Circle_3mm.uexp" 464
"../../../Engine/Plugins/Animation/ControlRig/Content/Controls/ControlRig_Circle_1mm.ubulk" 465
"../../../Engine/Plugins/Animation/ControlRig/Content/Controls/ControlRig_Circle_1mm.uasset" 466
"../../../Engine/Plugins/Animation/ControlRig/Content/Controls/ControlRig_Circle_1mm.uexp" 467
"../../../Engine/Plugins/Animation/ControlRig/Content/Controls/ControlRig_Box_solid.ubulk" 468
"../../../Engine/Plugins/Animation/ControlRig/Content/Controls/ControlRig_Box_solid.uasset" 469
"../../../Engine/Plugins/Animation/ControlRig/Content/Controls/ControlRig_Box_solid.uexp" 470
"../../../Engine/Plugins/Animation/ControlRig/Content/Controls/ControlRig_Box_3mm.ubulk" 471
"../../../Engine/Plugins/Animation/ControlRig/Content/Controls/ControlRig_Box_3mm.uasset" 472
"../../../Engine/Plugins/Animation/ControlRig/Content/Controls/ControlRig_Box_3mm.uexp" 473
"../../../Engine/Plugins/Animation/ControlRig/Content/Controls/ControlRig_Box_1mm.ubulk" 474
"../../../Engine/Plugins/Animation/ControlRig/Content/Controls/ControlRig_Box_1mm.uasset" 475
"../../../Engine/Plugins/Animation/ControlRig/Content/Controls/ControlRig_Box_1mm.uexp" 476
"../../../Engine/Plugins/Animation/ControlRig/Content/Controls/ControlRig_Arrow_solid.ubulk" 477
"../../../Engine/Plugins/Animation/ControlRig/Content/Controls/ControlRig_Arrow_solid.uasset" 478
"../../../Engine/Plugins/Animation/ControlRig/Content/Controls/ControlRig_Arrow_solid.uexp" 479
"../../../Engine/Plugins/Animation/ControlRig/Content/Controls/ControlRig_Arrow_3mm.ubulk" 480
"../../../Engine/Plugins/Animation/ControlRig/Content/Controls/ControlRig_Arrow_3mm.uasset" 481
"../../../Engine/Plugins/Animation/ControlRig/Content/Controls/ControlRig_Arrow_3mm.uexp" 482
"../../../Engine/Plugins/Animation/ControlRig/Content/Controls/ControlRig_Arrow_1mm.ubulk" 483
"../../../Engine/Plugins/Animation/ControlRig/Content/Controls/ControlRig_Arrow_1mm.uasset" 484
"../../../Engine/Plugins/Animation/ControlRig/Content/Controls/ControlRig_Arrow_1mm.uexp" 485
"../../../Engine/Plugins/Animation/ControlRig/Content/Controls/ControlRig_Arrow4_solid.ubulk" 486
"../../../Engine/Plugins/Animation/ControlRig/Content/Controls/ControlRig_Arrow4_solid.uasset" 487
"../../../Engine/Plugins/Animation/ControlRig/Content/Controls/ControlRig_Arrow4_solid.uexp" 488
"../../../Engine/Plugins/Animation/ControlRig/Content/Controls/ControlRig_Arrow4_3mm.ubulk" 489
"../../../Engine/Plugins/Animation/ControlRig/Content/Controls/ControlRig_Arrow4_3mm.uasset" 490
"../../../Engine/Plugins/Animation/ControlRig/Content/Controls/ControlRig_Arrow4_3mm.uexp" 491
"../../../Engine/Plugins/Animation/ControlRig/Content/Controls/ControlRig_Arrow4_1mm.ubulk" 492
"../../../Engine/Plugins/Animation/ControlRig/Content/Controls/ControlRig_Arrow4_1mm.uasset" 493
"../../../Engine/Plugins/Animation/ControlRig/Content/Controls/ControlRig_Arrow4_1mm.uexp" 494
"../../../Engine/Plugins/Animation/ControlRig/Content/Controls/ControlRig_Arrow2_solid.ubulk" 495
"../../../Engine/Plugins/Animation/ControlRig/Content/Controls/ControlRig_Arrow2_solid.uasset" 496
"../../../Engine/Plugins/Animation/ControlRig/Content/Controls/ControlRig_Arrow2_solid.uexp" 497
"../../../Engine/Plugins/Animation/ControlRig/Content/Controls/ControlRig_Arrow2_3mm.ubulk" 498
"../../../Engine/Plugins/Animation/ControlRig/Content/Controls/ControlRig_Arrow2_3mm.uasset" 499
"../../../Engine/Plugins/Animation/ControlRig/Content/Controls/ControlRig_Arrow2_3mm.uexp" 500
"../../../Engine/Plugins/Animation/ControlRig/Content/Controls/ControlRig_Arrow2_1mm.ubulk" 501
"../../../Engine/Plugins/Animation/ControlRig/Content/Controls/ControlRig_Arrow2_1mm.uasset" 502
"../../../Engine/Plugins/Animation/ControlRig/Content/Controls/ControlRig_Arrow2_1mm.uexp" 503
"../../../Engine/Plugins/Animation/ControlRig/Content/Controls/ControlRigXRayMaterial.uasset" 504
"../../../Engine/Plugins/Animation/ControlRig/Content/Controls/ControlRigXRayMaterial.uexp" 505
"../../../Engine/Plugins/Animation/ControlRig/Content/Controls/ControlRigGizmoMaterial.uasset" 506
"../../../Engine/Plugins/Animation/ControlRig/Content/Controls/ControlRigGizmoMaterial.uexp" 507
"../../../Engine/Plugins/2D/Paper2D/Content/PlaceholderTextures/DummySpriteTexture.ubulk" 508
"../../../Engine/Plugins/2D/Paper2D/Content/PlaceholderTextures/DummySpriteTexture.uasset" 509
"../../../Engine/Plugins/2D/Paper2D/Content/PlaceholderTextures/DummySpriteTexture.uexp" 510
"../../../Engine/Plugins/2D/Paper2D/Content/DefaultSpriteMaterial.uasset" 511
"../../../Engine/Plugins/2D/Paper2D/Content/DefaultSpriteMaterial.uexp" 512
"../../../Engine/Plugins/2D/Paper2D/Content/OpaqueUnlitSpriteMaterial.uasset" 513
"../../../Engine/Plugins/2D/Paper2D/Content/OpaqueUnlitSpriteMaterial.uexp" 514
"../../../Engine/Plugins/2D/Paper2D/Content/MaskedUnlitSpriteMaterial.uasset" 515
"../../../Engine/Plugins/2D/Paper2D/Content/MaskedUnlitSpriteMaterial.uexp" 516
"../../../Engine/Plugins/2D/Paper2D/Content/DummySprite.uasset" 517
"../../../Engine/Plugins/2D/Paper2D/Content/DummySprite.uexp" 518
"../../../Engine/Plugins/2D/Paper2D/Content/DefaultPaperTerrainMaterial.uasset" 519
"../../../Engine/Plugins/2D/Paper2D/Content/DefaultPaperTerrainMaterial.uexp" 520
"../../../Engine/Plugins/Editor/SpeedTreeImporter/Content/SpeedTree9/game_wind_noise.ubulk" 521
"../../../Engine/Plugins/Editor/SpeedTreeImporter/Content/SpeedTree9/game_wind_noise.uasset" 522
"../../../Engine/Plugins/Editor/SpeedTreeImporter/Content/SpeedTree9/game_wind_noise.uexp" 523
"../../../Engine/Plugins/Editor/SpeedTreeImporter/Content/SpeedTree9/UnpackDirection.uasset" 524
"../../../Engine/Plugins/Editor/SpeedTreeImporter/Content/SpeedTree9/UnpackDirection.uexp" 525
"../../../Engine/Content/Functions/Engine_MaterialFunctions02/ObjectLocalBounds.uasset" 526
"../../../Engine/Content/Functions/Engine_MaterialFunctions02/ObjectLocalBounds.uexp" 527
"../../../Engine/Content/Functions/Engine_MaterialFunctions02/UVs/BoundingBoxBased_0-1_UVW.uasset" 528
"../../../Engine/Content/Functions/Engine_MaterialFunctions02/UVs/BoundingBoxBased_0-1_UVW.uexp" 529
"../../../Engine/Content/Functions/Engine_MaterialFunctions02/Utility/VectorLength.uasset" 530
"../../../Engine/Content/Functions/Engine_MaterialFunctions02/Utility/VectorLength.uexp" 531
"../../../Engine/Plugins/Editor/SpeedTreeImporter/Content/SpeedTree9/UnpackInteger3.uasset" 532
"../../../Engine/Plugins/Editor/SpeedTreeImporter/Content/SpeedTree9/UnpackInteger3.uexp" 533
"../../../Engine/Plugins/Editor/SpeedTreeImporter/Content/SpeedTree9/SpeedTreeCameraFacing.uasset" 534
"../../../Engine/Plugins/Editor/SpeedTreeImporter/Content/SpeedTree9/SpeedTreeCameraFacing.uexp" 535
"../../../Engine/Content/Functions/Engine_MaterialFunctions02/WorldPositionOffset/ObjectScale.uasset" 536
"../../../Engine/Content/Functions/Engine_MaterialFunctions02/WorldPositionOffset/ObjectScale.uexp" 537
"../../../Engine/Content/Functions/Engine_MaterialFunctions02/SafeNormalize.uasset" 538
"../../../Engine/Content/Functions/Engine_MaterialFunctions02/SafeNormalize.uexp" 539
"../../../Engine/Plugins/Editor/SpeedTreeImporter/Content/SpeedTree9/SpeedTreeWindMotion.uasset" 540
"../../../Engine/Plugins/Editor/SpeedTreeImporter/Content/SpeedTree9/SpeedTreeWindMotion.uexp" 541
"../../../Engine/Plugins/Editor/SpeedTreeImporter/Content/SpeedTree9/SpeedTreeBranchMotion.uasset" 542
"../../../Engine/Plugins/Editor/SpeedTreeImporter/Content/SpeedTree9/SpeedTreeBranchMotion.uexp" 543
"../../../Engine/Plugins/Editor/SpeedTreeImporter/Content/SpeedTree9/SpeedTreeWind.uasset" 544
"../../../Engine/Plugins/Editor/SpeedTreeImporter/Content/SpeedTree9/SpeedTreeWind.uexp" 545
"../../../Engine/Plugins/Editor/SpeedTreeImporter/Content/SpeedTree9/EmptyNormal.uasset" 546
"../../../Engine/Plugins/Editor/SpeedTreeImporter/Content/SpeedTree9/EmptyNormal.uexp" 547
"../../../Engine/Plugins/Editor/SpeedTreeImporter/Content/SpeedTree9/Empty.uasset" 548
"../../../Engine/Plugins/Editor/SpeedTreeImporter/Content/SpeedTree9/Empty.uexp" 549
"../../../Engine/Plugins/Editor/SpeedTreeImporter/Content/SpeedTree9/SpeedTreeMaster.uasset" 550
"../../../Engine/Plugins/Editor/SpeedTreeImporter/Content/SpeedTree9/SpeedTreeMaster.uexp" 551
"../../../Engine/Plugins/Editor/SpeedTreeImporter/Content/SpeedTree9/SpeedTreeBillboard.uasset" 552
"../../../Engine/Plugins/Editor/SpeedTreeImporter/Content/SpeedTree9/SpeedTreeBillboard.uexp" 553
"../../../Engine/Plugins/Editor/SpeedTreeImporter/Content/SpeedTree9/SpeedTreeBillboardMaster.uasset" 554
"../../../Engine/Plugins/Editor/SpeedTreeImporter/Content/SpeedTree9/SpeedTreeBillboardMaster.uexp" 555
"../../../Engine/Content/Functions/Engine_MaterialFunctions02/Texturing/CustomRotator.uasset" 556
"../../../Engine/Content/Functions/Engine_MaterialFunctions02/Texturing/CustomRotator.uexp" 557
"../../../Engine/Content/Functions/Engine_MaterialFunctions02/Texturing/ScreenAlignedPixelToPixelUVs.uasset" 558
"../../../Engine/Content/Functions/Engine_MaterialFunctions02/Texturing/ScreenAlignedPixelToPixelUVs.uexp" 559
"../../../Engine/Plugins/Interchange/Runtime/Content/Utilities/T_Bayer64_Grayscale_64px.uasset" 560
"../../../Engine/Plugins/Interchange/Runtime/Content/Utilities/T_Bayer64_Grayscale_64px.uexp" 561
"../../../Engine/Plugins/Interchange/Runtime/Content/gltf/MaterialFunctions/MF_Temporal_Blur.uasset" 562
"../../../Engine/Plugins/Interchange/Runtime/Content/gltf/MaterialFunctions/MF_Temporal_Blur.uexp" 563
"../../../Engine/Plugins/Interchange/Runtime/Content/gltf/MaterialFunctions/MF_Fresnel_DS.uasset" 564
"../../../Engine/Plugins/Interchange/Runtime/Content/gltf/MaterialFunctions/MF_Fresnel_DS.uexp" 565
"../../../Engine/Plugins/Interchange/Runtime/Content/Functions/MX_Transmission.uasset" 566
"../../../Engine/Plugins/Interchange/Runtime/Content/Functions/MX_Transmission.uexp" 567
"../../../Engine/Plugins/Interchange/Runtime/Content/Functions/MF_OrenNayerView.uasset" 568
"../../../Engine/Plugins/Interchange/Runtime/Content/Functions/MF_OrenNayerView.uexp" 569
"../../../Engine/Plugins/Interchange/Runtime/Content/Functions/MF_SchlickApprox.uasset" 570
"../../../Engine/Plugins/Interchange/Runtime/Content/Functions/MF_SchlickApprox.uexp" 571
"../../../Engine/Plugins/Interchange/Runtime/Content/Utilities/New_LUT.uasset" 572
"../../../Engine/Plugins/Interchange/Runtime/Content/Utilities/New_LUT.uexp" 573
"../../../Engine/Content/Functions/Engine_MaterialFunctions03/Math/RemapValueRange.uasset" 574
"../../../Engine/Content/Functions/Engine_MaterialFunctions03/Math/RemapValueRange.uexp" 575
"../../../Engine/Plugins/Interchange/Runtime/Content/Functions/MF_Iridescence.uasset" 576
"../../../Engine/Plugins/Interchange/Runtime/Content/Functions/MF_Iridescence.uexp" 577
"../../../Engine/Plugins/Interchange/Runtime/Content/Functions/MX_StandardSurface.uasset" 578
"../../../Engine/Plugins/Interchange/Runtime/Content/Functions/MX_StandardSurface.uexp" 579
"../../../Engine/Plugins/Interchange/Runtime/Content/Functions/MX_TransmissionSurface.uasset" 580
"../../../Engine/Plugins/Interchange/Runtime/Content/Functions/MX_TransmissionSurface.uexp" 581
"../../../Engine/Content/Functions/Engine_MaterialFunctions02/Math/AddComponents.uasset" 582
"../../../Engine/Content/Functions/Engine_MaterialFunctions02/Math/AddComponents.uexp" 583
"../../../Engine/Content/Functions/Engine_MaterialFunctions02/WorldPositionOffset/V2/ObjectScale.uasset" 584
"../../../Engine/Content/Functions/Engine_MaterialFunctions02/WorldPositionOffset/V2/ObjectScale.uexp" 585
"../../../Engine/Plugins/Interchange/Runtime/Content/gltf/MaterialFunctions/MF_TransmissionOpacity.uasset" 586
"../../../Engine/Plugins/Interchange/Runtime/Content/gltf/MaterialFunctions/MF_TransmissionOpacity.uexp" 587
"../../../Engine/Plugins/Interchange/Runtime/Content/gltf/MaterialFunctions/MF_RotateV2.uasset" 588
"../../../Engine/Plugins/Interchange/Runtime/Content/gltf/MaterialFunctions/MF_RotateV2.uexp" 589
"../../../Engine/Plugins/Interchange/Runtime/Content/gltf/MaterialFunctions/MF_TransformUVs.uasset" 590
"../../../Engine/Plugins/Interchange/Runtime/Content/gltf/MaterialFunctions/MF_TransformUVs.uexp" 591
"../../../Engine/Plugins/Interchange/Runtime/Content/gltf/Textures/T_White_srgb.uasset" 592
"../../../Engine/Plugins/Interchange/Runtime/Content/gltf/Textures/T_White_srgb.uexp" 593
"../../../Engine/Plugins/Interchange/Runtime/Content/gltf/MaterialFunctions/MF_BaseColor.uasset" 594
"../../../Engine/Plugins/Interchange/Runtime/Content/gltf/MaterialFunctions/MF_BaseColor.uexp" 595
"../../../Engine/Plugins/Interchange/Runtime/Content/gltf/MaterialFunctions/MF_DiffuseSpecGloss.uasset" 596
"../../../Engine/Plugins/Interchange/Runtime/Content/gltf/MaterialFunctions/MF_DiffuseSpecGloss.uexp" 597
"../../../Engine/Plugins/Interchange/Runtime/Content/gltf/Textures/T_White_Linear.uasset" 598
"../../../Engine/Plugins/Interchange/Runtime/Content/gltf/Textures/T_White_Linear.uexp" 599
"../../../Engine/Plugins/Interchange/Runtime/Content/gltf/MaterialFunctions/MF_MetallicRoughness.uasset" 600
"../../../Engine/Plugins/Interchange/Runtime/Content/gltf/MaterialFunctions/MF_MetallicRoughness.uexp" 601
"../../../Engine/Plugins/Interchange/Runtime/Content/gltf/MaterialFunctions/MF_Transmission.uasset" 602
"../../../Engine/Plugins/Interchange/Runtime/Content/gltf/MaterialFunctions/MF_Transmission.uexp" 603
"../../../Engine/Plugins/Interchange/Runtime/Content/gltf/MaterialFunctions/MF_Occlusion.uasset" 604
"../../../Engine/Plugins/Interchange/Runtime/Content/gltf/MaterialFunctions/MF_Occlusion.uexp" 605
"../../../Engine/Plugins/Interchange/Runtime/Content/gltf/MaterialFunctions/MF_Specular.uasset" 606
"../../../Engine/Plugins/Interchange/Runtime/Content/gltf/MaterialFunctions/MF_Specular.uexp" 607
"../../../Engine/Plugins/Interchange/Runtime/Content/gltf/MaterialFunctions/MF_IOR.uasset" 608
"../../../Engine/Plugins/Interchange/Runtime/Content/gltf/MaterialFunctions/MF_IOR.uexp" 609
"../../../Engine/Content/Functions/Engine_MaterialFunctions01/Texturing/FlattenNormal.uasset" 610
"../../../Engine/Content/Functions/Engine_MaterialFunctions01/Texturing/FlattenNormal.uexp" 611
"../../../Engine/Content/Functions/Engine_MaterialFunctions02/Math/Transform3x3Matrix.uasset" 612
"../../../Engine/Content/Functions/Engine_MaterialFunctions02/Math/Transform3x3Matrix.uexp" 613
"../../../Engine/Plugins/Interchange/Runtime/Content/gltf/MaterialFunctions/MF_RotateNormals_TS.uasset" 614
"../../../Engine/Plugins/Interchange/Runtime/Content/gltf/MaterialFunctions/MF_RotateNormals_TS.uexp" 615
"../../../Engine/Plugins/Interchange/Runtime/Content/gltf/Textures/T_Generic_N.uasset" 616
"../../../Engine/Plugins/Interchange/Runtime/Content/gltf/Textures/T_Generic_N.uexp" 617
"../../../Engine/Plugins/Interchange/Runtime/Content/gltf/MaterialFunctions/MF_Normals.uasset" 618
"../../../Engine/Plugins/Interchange/Runtime/Content/gltf/MaterialFunctions/MF_Normals.uexp" 619
"../../../Engine/Plugins/Interchange/Runtime/Content/gltf/MaterialFunctions/MF_PerceivedBrightness.uasset" 620
"../../../Engine/Plugins/Interchange/Runtime/Content/gltf/MaterialFunctions/MF_PerceivedBrightness.uexp" 621
"../../../Engine/Plugins/Interchange/Runtime/Content/gltf/MaterialFunctions/MF_SpecGlossToMetalRoughness.uasset" 622
"../../../Engine/Plugins/Interchange/Runtime/Content/gltf/MaterialFunctions/MF_SpecGlossToMetalRoughness.uexp" 623
"../../../Engine/Plugins/Interchange/Runtime/Content/gltf/M_Transmission.uasset" 624
"../../../Engine/Plugins/Interchange/Runtime/Content/gltf/M_Transmission.uexp" 625
"../../../Engine/Plugins/Interchange/Runtime/Content/gltf/MaterialInstances_MR/MI_Transmission_TS.uasset" 626
"../../../Engine/Plugins/Interchange/Runtime/Content/gltf/MaterialInstances_MR/MI_Transmission_TS.uexp" 627
"../../../Engine/Plugins/Interchange/Runtime/Content/gltf/MaterialInstances_MR/MI_Transmission.uasset" 628
"../../../Engine/Plugins/Interchange/Runtime/Content/gltf/MaterialInstances_MR/MI_Transmission.uexp" 629
"../../../Engine/Plugins/Interchange/Runtime/Content/gltf/MaterialFunctions/MF_Clearcoat.uasset" 630
"../../../Engine/Plugins/Interchange/Runtime/Content/gltf/MaterialFunctions/MF_Clearcoat.uexp" 631
"../../../Engine/Plugins/Interchange/Runtime/Content/gltf/MaterialFunctions/MF_Emissive.uasset" 632
"../../../Engine/Plugins/Interchange/Runtime/Content/gltf/MaterialFunctions/MF_Emissive.uexp" 633
"../../../Engine/Plugins/Interchange/Runtime/Content/gltf/M_Translucent.uasset" 634
"../../../Engine/Plugins/Interchange/Runtime/Content/gltf/M_Translucent.uexp" 635
"../../../Engine/Plugins/Interchange/Runtime/Content/gltf/MaterialInstances_MR/MI_Translucent_TS.uasset" 636
"../../../Engine/Plugins/Interchange/Runtime/Content/gltf/MaterialInstances_MR/MI_Translucent_TS.uexp" 637
"../../../Engine/Plugins/Interchange/Runtime/Content/gltf/MaterialInstances_MR/MI_Translucent_ClearCoat_TS.uasset" 638
"../../../Engine/Plugins/Interchange/Runtime/Content/gltf/MaterialInstances_MR/MI_Translucent_ClearCoat_TS.uexp" 639
"../../../Engine/Plugins/Interchange/Runtime/Content/gltf/MaterialInstances_MR/MI_Translucent_ClearCoat.uasset" 640
"../../../Engine/Plugins/Interchange/Runtime/Content/gltf/MaterialInstances_MR/MI_Translucent_ClearCoat.uexp" 641
"../../../Engine/Plugins/Interchange/Runtime/Content/gltf/MaterialInstances_MR/MI_Translucent.uasset" 642
"../../../Engine/Plugins/Interchange/Runtime/Content/gltf/MaterialInstances_MR/MI_Translucent.uexp" 643
"../../../Engine/Plugins/Interchange/Runtime/Content/gltf/M_Unlit.uasset" 644
"../../../Engine/Plugins/Interchange/Runtime/Content/gltf/M_Unlit.uexp" 645
"../../../Engine/Plugins/Interchange/Runtime/Content/gltf/MaterialInstances_MR/MI_Opaque_Unlit_TS.uasset" 646
"../../../Engine/Plugins/Interchange/Runtime/Content/gltf/MaterialInstances_MR/MI_Opaque_Unlit_TS.uexp" 647
"../../../Engine/Plugins/Interchange/Runtime/Content/gltf/MaterialInstances_MR/MI_Opaque_Unlit.uasset" 648
"../../../Engine/Plugins/Interchange/Runtime/Content/gltf/MaterialInstances_MR/MI_Opaque_Unlit.uexp" 649
"../../../Engine/Plugins/Interchange/Runtime/Content/gltf/M_Opaque.uasset" 650
"../../../Engine/Plugins/Interchange/Runtime/Content/gltf/M_Opaque.uexp" 651
"../../../Engine/Plugins/Interchange/Runtime/Content/gltf/MaterialInstances_MR/MI_Opaque_TS.uasset" 652
"../../../Engine/Plugins/Interchange/Runtime/Content/gltf/MaterialInstances_MR/MI_Opaque_TS.uexp" 653
"../../../Engine/Plugins/Interchange/Runtime/Content/gltf/MaterialFunctions/MF_Sheen.uasset" 654
"../../../Engine/Plugins/Interchange/Runtime/Content/gltf/MaterialFunctions/MF_Sheen.uexp" 655
"../../../Engine/Content/Functions/Engine_MaterialFunctions01/Shading/FuzzyShading.uasset" 656
"../../../Engine/Content/Functions/Engine_MaterialFunctions01/Shading/FuzzyShading.uexp" 657
"../../../Engine/Plugins/Interchange/Runtime/Content/gltf/M_Sheen.uasset" 658
"../../../Engine/Plugins/Interchange/Runtime/Content/gltf/M_Sheen.uexp" 659
"../../../Engine/Plugins/Interchange/Runtime/Content/gltf/MaterialInstances_MR/MI_Opaque_Sheen_TS.uasset" 660
"../../../Engine/Plugins/Interchange/Runtime/Content/gltf/MaterialInstances_MR/MI_Opaque_Sheen_TS.uexp" 661
"../../../Engine/Plugins/Interchange/Runtime/Content/gltf/MaterialInstances_MR/MI_Opaque_Sheen.uasset" 662
"../../../Engine/Plugins/Interchange/Runtime/Content/gltf/MaterialInstances_MR/MI_Opaque_Sheen.uexp" 663
"../../../Engine/Plugins/Interchange/Runtime/Content/gltf/MaterialInstances_MR/MI_Opaque_ClearCoat_TS.uasset" 664
"../../../Engine/Plugins/Interchange/Runtime/Content/gltf/MaterialInstances_MR/MI_Opaque_ClearCoat_TS.uexp" 665
"../../../Engine/Plugins/Interchange/Runtime/Content/gltf/MaterialInstances_MR/MI_Opaque_ClearCoat.uasset" 666
"../../../Engine/Plugins/Interchange/Runtime/Content/gltf/MaterialInstances_MR/MI_Opaque_ClearCoat.uexp" 667
"../../../Engine/Plugins/Interchange/Runtime/Content/gltf/MaterialInstances_MR/MI_Opaque.uasset" 668
"../../../Engine/Plugins/Interchange/Runtime/Content/gltf/MaterialInstances_MR/MI_Opaque.uexp" 669
"../../../Engine/Plugins/Interchange/Runtime/Content/gltf/MaterialInstances_SG/MI_Transmission_TS.uasset" 670
"../../../Engine/Plugins/Interchange/Runtime/Content/gltf/MaterialInstances_SG/MI_Transmission_TS.uexp" 671
"../../../Engine/Plugins/Interchange/Runtime/Content/gltf/MaterialInstances_SG/MI_Transmission.uasset" 672
"../../../Engine/Plugins/Interchange/Runtime/Content/gltf/MaterialInstances_SG/MI_Transmission.uexp" 673
"../../../Engine/Plugins/Interchange/Runtime/Content/gltf/MaterialInstances_SG/MI_Translucent_TS.uasset" 674
"../../../Engine/Plugins/Interchange/Runtime/Content/gltf/MaterialInstances_SG/MI_Translucent_TS.uexp" 675
"../../../Engine/Plugins/Interchange/Runtime/Content/gltf/MaterialInstances_SG/MI_Translucent_ClearCoat_TS.uasset" 676
"../../../Engine/Plugins/Interchange/Runtime/Content/gltf/MaterialInstances_SG/MI_Translucent_ClearCoat_TS.uexp" 677
"../../../Engine/Plugins/Interchange/Runtime/Content/gltf/MaterialInstances_SG/MI_Translucent_ClearCoat.uasset" 678
"../../../Engine/Plugins/Interchange/Runtime/Content/gltf/MaterialInstances_SG/MI_Translucent_ClearCoat.uexp" 679
"../../../Engine/Plugins/Interchange/Runtime/Content/gltf/MaterialInstances_SG/MI_Translucent.uasset" 680
"../../../Engine/Plugins/Interchange/Runtime/Content/gltf/MaterialInstances_SG/MI_Translucent.uexp" 681
"../../../Engine/Plugins/Interchange/Runtime/Content/gltf/MaterialInstances_SG/MI_Opaque_TS.uasset" 682
"../../../Engine/Plugins/Interchange/Runtime/Content/gltf/MaterialInstances_SG/MI_Opaque_TS.uexp" 683
"../../../Engine/Plugins/Interchange/Runtime/Content/gltf/MaterialInstances_SG/MI_Opaque_Sheen_TS.uasset" 684
"../../../Engine/Plugins/Interchange/Runtime/Content/gltf/MaterialInstances_SG/MI_Opaque_Sheen_TS.uexp" 685
"../../../Engine/Plugins/Interchange/Runtime/Content/gltf/MaterialInstances_SG/MI_Opaque_Sheen.uasset" 686
"../../../Engine/Plugins/Interchange/Runtime/Content/gltf/MaterialInstances_SG/MI_Opaque_Sheen.uexp" 687
"../../../Engine/Plugins/Interchange/Runtime/Content/gltf/MaterialInstances_SG/MI_Opaque_ClearCoat_TS.uasset" 688
"../../../Engine/Plugins/Interchange/Runtime/Content/gltf/MaterialInstances_SG/MI_Opaque_ClearCoat_TS.uexp" 689
"../../../Engine/Plugins/Interchange/Runtime/Content/gltf/MaterialInstances_SG/MI_Opaque_ClearCoat.uasset" 690
"../../../Engine/Plugins/Interchange/Runtime/Content/gltf/MaterialInstances_SG/MI_Opaque_ClearCoat.uexp" 691
"../../../Engine/Plugins/Interchange/Runtime/Content/gltf/MaterialInstances_SG/MI_Opaque.uasset" 692
"../../../Engine/Plugins/Interchange/Runtime/Content/gltf/MaterialInstances_SG/MI_Opaque.uexp" 693
"../../../Engine/Plugins/Interchange/Runtime/Content/gltf/Textures/T_Gray_Linear.uasset" 694
"../../../Engine/Plugins/Interchange/Runtime/Content/gltf/Textures/T_Gray_Linear.uexp" 695
"../../../Engine/Plugins/Interchange/Runtime/Content/gltf/Textures/T_Black_srgb.uasset" 696
"../../../Engine/Plugins/Interchange/Runtime/Content/gltf/Textures/T_Black_srgb.uexp" 697
"../../../Engine/Plugins/Interchange/Runtime/Content/Materials/UnlitMaterial.uasset" 698
"../../../Engine/Plugins/Interchange/Runtime/Content/Materials/UnlitMaterial.uexp" 699
"../../../Engine/Content/EngineMaterials/DefaultNormal.ubulk" 700
"../../../Engine/Content/EngineMaterials/DefaultNormal.uasset" 701
"../../../Engine/Content/EngineMaterials/DefaultNormal.uexp" 702
"../../../Engine/Plugins/Interchange/Runtime/Content/Materials/MapOrScalarFunction.uasset" 703
"../../../Engine/Plugins/Interchange/Runtime/Content/Materials/MapOrScalarFunction.uexp" 704
"../../../Engine/Plugins/Interchange/Runtime/Content/Materials/MapOrLinearColorFunction.uasset" 705
"../../../Engine/Plugins/Interchange/Runtime/Content/Materials/MapOrLinearColorFunction.uexp" 706
"../../../Engine/Plugins/Interchange/Runtime/Content/Materials/MapOrColorFunction.uasset" 707
"../../../Engine/Plugins/Interchange/Runtime/Content/Materials/MapOrColorFunction.uexp" 708
"../../../Engine/Plugins/Interchange/Runtime/Content/Materials/CommonMaterial.uasset" 709
"../../../Engine/Plugins/Interchange/Runtime/Content/Materials/CommonMaterial.uexp" 710
"../../../Engine/Plugins/Interchange/Runtime/Content/Materials/PBRSurfaceFunction.uasset" 711
"../../../Engine/Plugins/Interchange/Runtime/Content/Materials/PBRSurfaceFunction.uexp" 712
"../../../Engine/Plugins/Interchange/Runtime/Content/Materials/ThinTranslucentMaterial.uasset" 713
"../../../Engine/Plugins/Interchange/Runtime/Content/Materials/ThinTranslucentMaterial.uexp" 714
"../../../Engine/Plugins/Interchange/Runtime/Content/Materials/SubsurfaceMaterial.uasset" 715
"../../../Engine/Plugins/Interchange/Runtime/Content/Materials/SubsurfaceMaterial.uexp" 716
"../../../Engine/Plugins/Interchange/Runtime/Content/Materials/SheenMaterial.uasset" 717
"../../../Engine/Plugins/Interchange/Runtime/Content/Materials/SheenMaterial.uexp" 718
"../../../Engine/Content/Functions/Engine_MaterialFunctions01/Shading/ConvertFromDiffSpec.uasset" 719
"../../../Engine/Content/Functions/Engine_MaterialFunctions01/Shading/ConvertFromDiffSpec.uexp" 720
"../../../Engine/Plugins/Interchange/Runtime/Content/Materials/PhongSurfaceMaterial.uasset" 721
"../../../Engine/Plugins/Interchange/Runtime/Content/Materials/PhongSurfaceMaterial.uexp" 722
"../../../Engine/Plugins/Interchange/Runtime/Content/Materials/PBRSurfaceMaterial.uasset" 723
"../../../Engine/Plugins/Interchange/Runtime/Content/Materials/PBRSurfaceMaterial.uexp" 724
"../../../Engine/Content/EngineMaterials/FlatNormal.uasset" 725
"../../../Engine/Content/EngineMaterials/FlatNormal.uexp" 726
"../../../Engine/Content/EditorLandscapeResources/WhiteSquareTexture.uasset" 727
"../../../Engine/Content/EditorLandscapeResources/WhiteSquareTexture.uexp" 728
"../../../Engine/Plugins/Interchange/Runtime/Content/Materials/OrenNayerMaterial.uasset" 729
"../../../Engine/Plugins/Interchange/Runtime/Content/Materials/OrenNayerMaterial.uexp" 730
"../../../Engine/Plugins/Interchange/Runtime/Content/Materials/LambertSurfaceMaterial.uasset" 731
"../../../Engine/Plugins/Interchange/Runtime/Content/Materials/LambertSurfaceMaterial.uexp" 732
"../../../Engine/Plugins/Interchange/Runtime/Content/Materials/ClearCoatMaterial.uasset" 733
"../../../Engine/Plugins/Interchange/Runtime/Content/Materials/ClearCoatMaterial.uexp" 734
"../../../Engine/Plugins/Interchange/Runtime/Content/Pipelines/DefaultTexturePipeline.uasset" 735
"../../../Engine/Plugins/Interchange/Runtime/Content/Pipelines/DefaultTexturePipeline.uexp" 736
"../../../Engine/Plugins/Interchange/Runtime/Content/Pipelines/DefaultSceneLevelPipeline.uasset" 737
"../../../Engine/Plugins/Interchange/Runtime/Content/Pipelines/DefaultSceneLevelPipeline.uexp" 738
"../../../Engine/Plugins/Interchange/Runtime/Content/Pipelines/DefaultSceneAssetsPipeline.uasset" 739
"../../../Engine/Plugins/Interchange/Runtime/Content/Pipelines/DefaultSceneAssetsPipeline.uexp" 740
"../../../Engine/Plugins/Interchange/Runtime/Content/Pipelines/DefaultMaterialPipeline.uasset" 741
"../../../Engine/Plugins/Interchange/Runtime/Content/Pipelines/DefaultMaterialPipeline.uexp" 742
"../../../Engine/Plugins/Interchange/Runtime/Content/Pipelines/DefaultAssetsPipeline.uasset" 743
"../../../Engine/Plugins/Interchange/Runtime/Content/Pipelines/DefaultAssetsPipeline.uexp" 744
"D:/Emergency Management/EmergencyManagement/Content/ART/Mars/Modular2_FIX_/Glass.uasset" 745
"D:/Emergency Management/EmergencyManagement/Content/ART/Mars/Modular2_FIX_/Glass.uexp" 746
"D:/Emergency Management/EmergencyManagement/Content/ART/Mars/Modular2_FIX_/Details.uasset" 747
"D:/Emergency Management/EmergencyManagement/Content/ART/Mars/Modular2_FIX_/Details.uexp" 748
"D:/Emergency Management/EmergencyManagement/Content/ART/Mars/Modular2_FIX_/Plaster_20.uasset" 749
"D:/Emergency Management/EmergencyManagement/Content/ART/Mars/Modular2_FIX_/Plaster_20.uexp" 750
"D:/Emergency Management/EmergencyManagement/Content/ART/Mars/Modular2_FIX_/Plaster_80.uasset" 751
"D:/Emergency Management/EmergencyManagement/Content/ART/Mars/Modular2_FIX_/Plaster_80.uexp" 752
"D:/Emergency Management/EmergencyManagement/Content/ART/Mars/Modular2_FIX_/Modularwindows_Wall_2m_004.ubulk" 753
"D:/Emergency Management/EmergencyManagement/Content/ART/Mars/Modular2_FIX_/Modularwindows_Wall_2m_004.uasset" 754
"D:/Emergency Management/EmergencyManagement/Content/ART/Mars/Modular2_FIX_/Modularwindows_Wall_2m_004.uexp" 755
"D:/Emergency Management/EmergencyManagement/Content/ART/Mars/Modular2_FIX_/Modular2_Doorframe_2m_001.ubulk" 756
"D:/Emergency Management/EmergencyManagement/Content/ART/Mars/Modular2_FIX_/Modular2_Doorframe_2m_001.uasset" 757
"D:/Emergency Management/EmergencyManagement/Content/ART/Mars/Modular2_FIX_/Modular2_Doorframe_2m_001.uexp" 758
"D:/Emergency Management/EmergencyManagement/Content/ART/Mars/Modular2_FIX_/Floor.uasset" 759
"D:/Emergency Management/EmergencyManagement/Content/ART/Mars/Modular2_FIX_/Floor.uexp" 760
"D:/Emergency Management/EmergencyManagement/Content/ART/Mars/Modular2_FIX_/Modular2_Floor_Blank_001.ubulk" 761
"D:/Emergency Management/EmergencyManagement/Content/ART/Mars/Modular2_FIX_/Modular2_Floor_Blank_001.uasset" 762
"D:/Emergency Management/EmergencyManagement/Content/ART/Mars/Modular2_FIX_/Modular2_Floor_Blank_001.uexp" 763
"D:/Emergency Management/EmergencyManagement/Content/ART/Mars/Modular2_FIX_/Panels.uasset" 764
"D:/Emergency Management/EmergencyManagement/Content/ART/Mars/Modular2_FIX_/Panels.uexp" 765
"D:/Emergency Management/EmergencyManagement/Content/ART/Mars/Modular2_FIX_/Modular2_Panel_1m_001.ubulk" 766
"D:/Emergency Management/EmergencyManagement/Content/ART/Mars/Modular2_FIX_/Modular2_Panel_1m_001.uasset" 767
"D:/Emergency Management/EmergencyManagement/Content/ART/Mars/Modular2_FIX_/Modular2_Panel_1m_001.uexp" 768
"../../../Engine/Content/EngineMaterials/BlendFunc_DefBlend.uasset" 769
"../../../Engine/Content/EngineMaterials/BlendFunc_DefBlend.uexp" 770
"../../../Engine/Content/EngineMaterials/BlendFunc_DefBase.uasset" 771
"../../../Engine/Content/EngineMaterials/BlendFunc_DefBase.uexp" 772
"../../../Engine/Content/Functions/Engine_MaterialFunctions03/Blends/Blend_Overlay.uasset" 773
"../../../Engine/Content/Functions/Engine_MaterialFunctions03/Blends/Blend_Overlay.uexp" 774
"../../../Engine/Content/OpenWorldTemplate/LandscapeMaterial/T_GridChecker_A.ubulk" 775
"../../../Engine/Content/OpenWorldTemplate/LandscapeMaterial/T_GridChecker_A.uasset" 776
"../../../Engine/Content/OpenWorldTemplate/LandscapeMaterial/T_GridChecker_A.uexp" 777
"../../../Engine/Content/Functions/Engine_MaterialFunctions01/Gradient/LinearGradient.uasset" 778
"../../../Engine/Content/Functions/Engine_MaterialFunctions01/Gradient/LinearGradient.uexp" 779
"../../../Engine/Content/Functions/Engine_MaterialFunctions01/ImageAdjustment/CheapContrast.uasset" 780
"../../../Engine/Content/Functions/Engine_MaterialFunctions01/ImageAdjustment/CheapContrast.uexp" 781
"../../../Engine/Content/OpenWorldTemplate/LandscapeMaterial/MF_ProcGrid.uasset" 782
"../../../Engine/Content/OpenWorldTemplate/LandscapeMaterial/MF_ProcGrid.uexp" 783
"../../../Engine/Content/OpenWorldTemplate/LandscapeMaterial/M_ProcGrid.uasset" 784
"../../../Engine/Content/OpenWorldTemplate/LandscapeMaterial/M_ProcGrid.uexp" 785
"../../../Engine/Content/OpenWorldTemplate/LandscapeMaterial/MI_ProcGrid.uasset" 786
"../../../Engine/Content/OpenWorldTemplate/LandscapeMaterial/MI_ProcGrid.uexp" 787
"D:/Emergency Management/EmergencyManagement/Content/ART/Mars/Modular2_FIX_/Modular2_Wall_1m_001.ubulk" 788
"D:/Emergency Management/EmergencyManagement/Content/ART/Mars/Modular2_FIX_/Modular2_Wall_1m_001.uasset" 789
"D:/Emergency Management/EmergencyManagement/Content/ART/Mars/Modular2_FIX_/Modular2_Wall_1m_001.uexp" 790
"D:/Emergency Management/EmergencyManagement/Content/NodeEditor/Structures/Category.uasset" 791
"D:/Emergency Management/EmergencyManagement/Content/NodeEditor/Structures/Category.uexp" 792
"D:/Emergency Management/EmergencyManagement/Content/NodeEditor/Structures/ActionType.uasset" 793
"D:/Emergency Management/EmergencyManagement/Content/NodeEditor/Structures/ActionType.uexp" 794
"D:/Emergency Management/EmergencyManagement/Content/NodeEditor/Structures/AssetType.uasset" 795
"D:/Emergency Management/EmergencyManagement/Content/NodeEditor/Structures/AssetType.uexp" 796
"D:/Emergency Management/EmergencyManagement/Content/NodeEditor/Blueprints/BPI_NodeCreation.uasset" 797
"D:/Emergency Management/EmergencyManagement/Content/NodeEditor/Blueprints/BPI_NodeCreation.uexp" 798
"D:/Emergency Management/EmergencyManagement/Content/ART/NodeEditorAssets/Nodes_Parts/AssetOutput.uasset" 799
"D:/Emergency Management/EmergencyManagement/Content/ART/NodeEditorAssets/Nodes_Parts/AssetOutput.uexp" 800
"D:/Emergency Management/EmergencyManagement/Content/NodeEditor/Blueprints/BPI_LevelLogicFunctions.uasset" 801
"D:/Emergency Management/EmergencyManagement/Content/NodeEditor/Blueprints/BPI_LevelLogicFunctions.uexp" 802
"D:/Emergency Management/EmergencyManagement/Content/NodeEditor/Structures/ActionReportsData.uasset" 803
"D:/Emergency Management/EmergencyManagement/Content/NodeEditor/Structures/ActionReportsData.uexp" 804
"D:/Emergency Management/EmergencyManagement/Content/NodeEditor/Blueprints/BP_ActionReportListObject.uasset" 805
"D:/Emergency Management/EmergencyManagement/Content/NodeEditor/Blueprints/BP_ActionReportListObject.uexp" 806
"D:/Emergency Management/EmergencyManagement/Content/NodeEditor/Blueprints/BPI_DocumentUpdate.uasset" 807
"D:/Emergency Management/EmergencyManagement/Content/NodeEditor/Blueprints/BPI_DocumentUpdate.uexp" 808
"D:/Emergency Management/EmergencyManagement/Content/NodeEditor/Blueprints/BPI_NodeInteraction.uasset" 809
"D:/Emergency Management/EmergencyManagement/Content/NodeEditor/Blueprints/BPI_NodeInteraction.uexp" 810
"D:/Emergency Management/EmergencyManagement/Content/NodeEditor/Widgets/Nodes/GeneralNode.uasset" 811
"D:/Emergency Management/EmergencyManagement/Content/NodeEditor/Widgets/Nodes/GeneralNode.uexp" 812
"D:/Emergency Management/EmergencyManagement/Content/NodeEditor/Structures/PointCategory.uasset" 813
"D:/Emergency Management/EmergencyManagement/Content/NodeEditor/Structures/PointCategory.uexp" 814
"D:/Emergency Management/EmergencyManagement/Content/ART/NodeEditorAssets/Nodes_Parts/ActionOutput.uasset" 815
"D:/Emergency Management/EmergencyManagement/Content/ART/NodeEditorAssets/Nodes_Parts/ActionOutput.uexp" 816
"D:/Emergency Management/EmergencyManagement/Content/ART/NodeEditorAssets/Nodes_Parts/ReportOutput.uasset" 817
"D:/Emergency Management/EmergencyManagement/Content/ART/NodeEditorAssets/Nodes_Parts/ReportOutput.uexp" 818
"../../../Engine/Content/EditorBlueprintResources/StandardMacros.uasset" 819
"../../../Engine/Content/EditorBlueprintResources/StandardMacros.uexp" 820
"D:/Emergency Management/EmergencyManagement/Content/NodeEditor/Widgets/ConnectionPoints.uasset" 821
"D:/Emergency Management/EmergencyManagement/Content/NodeEditor/Widgets/ConnectionPoints.uexp" 822
"D:/Emergency Management/EmergencyManagement/Content/NodeEditor/Structures/Connection.uasset" 823
"D:/Emergency Management/EmergencyManagement/Content/NodeEditor/Structures/Connection.uexp" 824
"D:/Emergency Management/EmergencyManagement/Content/NodeEditor/Widgets/DrawLines.uasset" 825
"D:/Emergency Management/EmergencyManagement/Content/NodeEditor/Widgets/DrawLines.uexp" 826
"D:/Emergency Management/EmergencyManagement/Content/ART/NodeEditorAssets/NodeEditor_HUD/PlayButtonOff.uasset" 827
"D:/Emergency Management/EmergencyManagement/Content/ART/NodeEditorAssets/NodeEditor_HUD/PlayButtonOff.uexp" 828
"D:/Emergency Management/EmergencyManagement/Content/ART/NodeEditorAssets/Nodes_Parts/BackgroundGrid.uasset" 829
"D:/Emergency Management/EmergencyManagement/Content/ART/NodeEditorAssets/Nodes_Parts/BackgroundGrid.uexp" 830
"D:/Emergency Management/EmergencyManagement/Content/NodeEditor/Structures/AssetNodeInfo.uasset" 831
"D:/Emergency Management/EmergencyManagement/Content/NodeEditor/Structures/AssetNodeInfo.uexp" 832
"D:/Emergency Management/EmergencyManagement/Content/NodeEditor/Structures/ActionNodeInfo.uasset" 833
"D:/Emergency Management/EmergencyManagement/Content/NodeEditor/Structures/ActionNodeInfo.uexp" 834
"D:/Emergency Management/EmergencyManagement/Content/NodeEditor/Structures/EndType.uasset" 835
"D:/Emergency Management/EmergencyManagement/Content/NodeEditor/Structures/EndType.uexp" 836
"D:/Emergency Management/EmergencyManagement/Content/NodeEditor/Structures/SituationType.uasset" 837
"D:/Emergency Management/EmergencyManagement/Content/NodeEditor/Structures/SituationType.uexp" 838
"D:/Emergency Management/EmergencyManagement/Content/NodeEditor/Structures/LevelStructure.uasset" 839
"D:/Emergency Management/EmergencyManagement/Content/NodeEditor/Structures/LevelStructure.uexp" 840
"D:/Emergency Management/EmergencyManagement/Content/NodeEditor/Structures/SituationNodeInfo.uasset" 841
"D:/Emergency Management/EmergencyManagement/Content/NodeEditor/Structures/SituationNodeInfo.uexp" 842
"D:/Emergency Management/EmergencyManagement/Content/NodeEditor/Structures/SituationNodes.uasset" 843
"D:/Emergency Management/EmergencyManagement/Content/NodeEditor/Structures/SituationNodes.uexp" 844
"D:/Emergency Management/EmergencyManagement/Content/ART/NodeEditorAssets/Nodes_Parts/SituationTop.uasset" 845
"D:/Emergency Management/EmergencyManagement/Content/ART/NodeEditorAssets/Nodes_Parts/SituationTop.uexp" 846
"D:/Emergency Management/EmergencyManagement/Content/ART/NodeEditorAssets/Nodes_Parts/Situation_Bottom.uasset" 847
"D:/Emergency Management/EmergencyManagement/Content/ART/NodeEditorAssets/Nodes_Parts/Situation_Bottom.uexp" 848
"D:/Emergency Management/EmergencyManagement/Content/NodeEditor/Structures/SituationsTable.uasset" 849
"D:/Emergency Management/EmergencyManagement/Content/NodeEditor/Structures/SituationsTable.uexp" 850
"D:/Emergency Management/EmergencyManagement/Content/NodeEditor/Widgets/Nodes/SituationNode.uasset" 851
"D:/Emergency Management/EmergencyManagement/Content/NodeEditor/Widgets/Nodes/SituationNode.uexp" 852
"D:/Emergency Management/EmergencyManagement/Content/NodeEditor/Structures/DocumentNodeInfo.uasset" 853
"D:/Emergency Management/EmergencyManagement/Content/NodeEditor/Structures/DocumentNodeInfo.uexp" 854
"D:/Emergency Management/EmergencyManagement/Content/ART/NodeEditorAssets/Nodes_Parts/AssetBottom.uasset" 855
"D:/Emergency Management/EmergencyManagement/Content/ART/NodeEditorAssets/Nodes_Parts/AssetBottom.uexp" 856
"D:/Emergency Management/EmergencyManagement/Content/ART/NodeEditorAssets/Nodes_Parts/ReportTop.uasset" 857
"D:/Emergency Management/EmergencyManagement/Content/ART/NodeEditorAssets/Nodes_Parts/ReportTop.uexp" 858
"D:/Emergency Management/EmergencyManagement/Content/NodeEditor/Structures/ActionNodes.uasset" 859
"D:/Emergency Management/EmergencyManagement/Content/NodeEditor/Structures/ActionNodes.uexp" 860
"D:/Emergency Management/EmergencyManagement/Content/NodeEditor/Structures/ActionsTable.uasset" 861
"D:/Emergency Management/EmergencyManagement/Content/NodeEditor/Structures/ActionsTable.uexp" 862
"D:/Emergency Management/EmergencyManagement/Content/ART/NodeEditorAssets/Nodes_Parts/ActionBottom.uasset" 863
"D:/Emergency Management/EmergencyManagement/Content/ART/NodeEditorAssets/Nodes_Parts/ActionBottom.uexp" 864
"D:/Emergency Management/EmergencyManagement/Content/ART/NodeEditorAssets/Nodes_Parts/ActionTop.uasset" 865
"D:/Emergency Management/EmergencyManagement/Content/ART/NodeEditorAssets/Nodes_Parts/ActionTop.uexp" 866
"D:/Emergency Management/EmergencyManagement/Content/NodeEditor/Structures/EndNodeInfo.uasset" 867
"D:/Emergency Management/EmergencyManagement/Content/NodeEditor/Structures/EndNodeInfo.uexp" 868
"D:/Emergency Management/EmergencyManagement/Content/NodeEditor/Structures/EndNodes.uasset" 869
"D:/Emergency Management/EmergencyManagement/Content/NodeEditor/Structures/EndNodes.uexp" 870
"D:/Emergency Management/EmergencyManagement/Content/NodeEditor/Structures/EndsTable.uasset" 871
"D:/Emergency Management/EmergencyManagement/Content/NodeEditor/Structures/EndsTable.uexp" 872
"D:/Emergency Management/EmergencyManagement/Content/NodeEditor/Widgets/Nodes/EndNode.uasset" 873
"D:/Emergency Management/EmergencyManagement/Content/NodeEditor/Widgets/Nodes/EndNode.uexp" 874
"D:/Emergency Management/EmergencyManagement/Content/ART/NodeEditorAssets/Nodes_Parts/AssetTop.uasset" 875
"D:/Emergency Management/EmergencyManagement/Content/ART/NodeEditorAssets/Nodes_Parts/AssetTop.uexp" 876
"D:/Emergency Management/EmergencyManagement/Content/NodeEditor/Structures/AssetNodes.uasset" 877
"D:/Emergency Management/EmergencyManagement/Content/NodeEditor/Structures/AssetNodes.uexp" 878
"D:/Emergency Management/EmergencyManagement/Content/NodeEditor/Structures/AssetsTable.uasset" 879
"D:/Emergency Management/EmergencyManagement/Content/NodeEditor/Structures/AssetsTable.uexp" 880
"D:/Emergency Management/EmergencyManagement/Content/NodeEditor/Widgets/Nodes/AssetNode.uasset" 881
"D:/Emergency Management/EmergencyManagement/Content/NodeEditor/Widgets/Nodes/AssetNode.uexp" 882
"D:/Emergency Management/EmergencyManagement/Content/NodeEditor/Widgets/Nodes/ActionNode.uasset" 883
"D:/Emergency Management/EmergencyManagement/Content/NodeEditor/Widgets/Nodes/ActionNode.uexp" 884
"D:/Emergency Management/EmergencyManagement/Content/NodeEditor/Widgets/Nodes/ReportNode.uasset" 885
"D:/Emergency Management/EmergencyManagement/Content/NodeEditor/Widgets/Nodes/ReportNode.uexp" 886
"D:/Emergency Management/EmergencyManagement/Content/ART/NodeEditorAssets/NodeEditor_HUD/PlayButton.uasset" 887
"D:/Emergency Management/EmergencyManagement/Content/ART/NodeEditorAssets/NodeEditor_HUD/PlayButton.uexp" 888
"D:/Emergency Management/EmergencyManagement/Content/NodeEditor/Structures/LevelsTable.uasset" 889
"D:/Emergency Management/EmergencyManagement/Content/NodeEditor/Structures/LevelsTable.uexp" 890
"D:/Emergency Management/EmergencyManagement/Content/ART/NodeEditorAssets/NodeEditor_HUD/PlayButtonHovered.uasset" 891
"D:/Emergency Management/EmergencyManagement/Content/ART/NodeEditorAssets/NodeEditor_HUD/PlayButtonHovered.uexp" 892
"D:/Emergency Management/EmergencyManagement/Content/ART/NodeEditorAssets/Toolbox/Button_normal.uasset" 893
"D:/Emergency Management/EmergencyManagement/Content/ART/NodeEditorAssets/Toolbox/Button_normal.uexp" 894
"D:/Emergency Management/EmergencyManagement/Content/ART/NodeEditorAssets/Toolbox/Button_pressed.uasset" 895
"D:/Emergency Management/EmergencyManagement/Content/ART/NodeEditorAssets/Toolbox/Button_pressed.uexp" 896
"D:/Emergency Management/EmergencyManagement/Content/ART/NodeEditorAssets/Toolbox/ReportButton_Normal.uasset" 897
"D:/Emergency Management/EmergencyManagement/Content/ART/NodeEditorAssets/Toolbox/ReportButton_Normal.uexp" 898
"D:/Emergency Management/EmergencyManagement/Content/ART/NodeEditorAssets/Toolbox/ReportButton_Hovered.uasset" 899
"D:/Emergency Management/EmergencyManagement/Content/ART/NodeEditorAssets/Toolbox/ReportButton_Hovered.uexp" 900
"D:/Emergency Management/EmergencyManagement/Content/ART/NodeEditorAssets/Toolbox/ReportButton_Pressed.uasset" 901
"D:/Emergency Management/EmergencyManagement/Content/ART/NodeEditorAssets/Toolbox/ReportButton_Pressed.uexp" 902
"D:/Emergency Management/EmergencyManagement/Content/NodeEditor/Widgets/ToolboxButton.uasset" 903
"D:/Emergency Management/EmergencyManagement/Content/NodeEditor/Widgets/ToolboxButton.uexp" 904
"D:/Emergency Management/EmergencyManagement/Content/NodeEditor/Widgets/Toolbox.uasset" 905
"D:/Emergency Management/EmergencyManagement/Content/NodeEditor/Widgets/Toolbox.uexp" 906
"D:/Emergency Management/EmergencyManagement/Content/NodeEditor/Widgets/Nodes/W_ActionReports_Enrty.uasset" 907
"D:/Emergency Management/EmergencyManagement/Content/NodeEditor/Widgets/Nodes/W_ActionReports_Enrty.uexp" 908
"D:/Emergency Management/EmergencyManagement/Content/DocumentSystem/Document.uasset" 909
"D:/Emergency Management/EmergencyManagement/Content/DocumentSystem/Document.uexp" 910
"D:/Emergency Management/EmergencyManagement/Content/ART/NodeEditorAssets/NodeEditor_HUD/PlayButton_.uasset" 911
"D:/Emergency Management/EmergencyManagement/Content/ART/NodeEditorAssets/NodeEditor_HUD/PlayButton_.uexp" 912
"D:/Emergency Management/EmergencyManagement/Content/DocumentSystem/DocumentToggleButton.uasset" 913
"D:/Emergency Management/EmergencyManagement/Content/DocumentSystem/DocumentToggleButton.uexp" 914
"D:/Emergency Management/EmergencyManagement/Content/NodeEditor/Widgets/NodeEditorV2.uasset" 915
"D:/Emergency Management/EmergencyManagement/Content/NodeEditor/Widgets/NodeEditorV2.uexp" 916
"D:/Emergency Management/EmergencyManagement/Content/ART/Mars/Modular2_FIX_/Modularwindows_Wall_2m_002.ubulk" 917
"D:/Emergency Management/EmergencyManagement/Content/ART/Mars/Modular2_FIX_/Modularwindows_Wall_2m_002.uasset" 918
"D:/Emergency Management/EmergencyManagement/Content/ART/Mars/Modular2_FIX_/Modularwindows_Wall_2m_002.uexp" 919
"D:/Emergency Management/EmergencyManagement/Content/ART/Mars/Modular2_FIX_/Modular2_Door_R.ubulk" 920
"D:/Emergency Management/EmergencyManagement/Content/ART/Mars/Modular2_FIX_/Modular2_Door_R.uasset" 921
"D:/Emergency Management/EmergencyManagement/Content/ART/Mars/Modular2_FIX_/Modular2_Door_R.uexp" 922
"D:/Emergency Management/EmergencyManagement/Content/ART/Mars/Modular2_FIX_/Modular2_Wall_Corner_2x2m_001.ubulk" 923
"D:/Emergency Management/EmergencyManagement/Content/ART/Mars/Modular2_FIX_/Modular2_Wall_Corner_2x2m_001.uasset" 924
"D:/Emergency Management/EmergencyManagement/Content/ART/Mars/Modular2_FIX_/Modular2_Wall_Corner_2x2m_001.uexp" 925
"../../../Engine/Content/EngineSky/T_Sky_Stars.ubulk" 926
"../../../Engine/Content/EngineSky/T_Sky_Stars.uasset" 927
"../../../Engine/Content/EngineSky/T_Sky_Stars.uexp" 928
"../../../Engine/Content/EngineSky/T_Sky_Clouds_M.ubulk" 929
"../../../Engine/Content/EngineSky/T_Sky_Clouds_M.uasset" 930
"../../../Engine/Content/EngineSky/T_Sky_Clouds_M.uexp" 931
"../../../Engine/Content/EngineSky/T_Sky_Blue.ubulk" 932
"../../../Engine/Content/EngineSky/T_Sky_Blue.uasset" 933
"../../../Engine/Content/EngineSky/T_Sky_Blue.uexp" 934
"../../../Engine/Content/EngineSky/M_Sky_Panning_Clouds2.uasset" 935
"../../../Engine/Content/EngineSky/M_Sky_Panning_Clouds2.uexp" 936
"../../../Engine/Content/EngineSky/SM_SkySphere.ubulk" 937
"../../../Engine/Content/EngineSky/SM_SkySphere.uasset" 938
"../../../Engine/Content/EngineSky/SM_SkySphere.uexp" 939
"D:/Emergency Management/EmergencyManagement/Content/ART/Mars/Modular2_FIX_/Modular2_Floor_Side_001.ubulk" 940
"D:/Emergency Management/EmergencyManagement/Content/ART/Mars/Modular2_FIX_/Modular2_Floor_Side_001.uasset" 941
"D:/Emergency Management/EmergencyManagement/Content/ART/Mars/Modular2_FIX_/Modular2_Floor_Side_001.uexp" 942
"D:/Emergency Management/EmergencyManagement/Content/ART/Mars/Modular2_FIX_/Modular2_Panel_Corner_001.ubulk" 943
"D:/Emergency Management/EmergencyManagement/Content/ART/Mars/Modular2_FIX_/Modular2_Panel_Corner_001.uasset" 944
"D:/Emergency Management/EmergencyManagement/Content/ART/Mars/Modular2_FIX_/Modular2_Panel_Corner_001.uexp" 945
"../../../Engine/Content/BasicShapes/Cube.ubulk" 946
"../../../Engine/Content/BasicShapes/Cube.uasset" 947
"../../../Engine/Content/BasicShapes/Cube.uexp" 948
"D:/Emergency Management/EmergencyManagement/Content/NodeEditor/Old/TestAction.uasset" 949
"D:/Emergency Management/EmergencyManagement/Content/NodeEditor/Old/TestAction.uexp" 950
"D:/Emergency Management/EmergencyManagement/Content/NodeEditor/Old/NodeEditorV1.uasset" 951
"D:/Emergency Management/EmergencyManagement/Content/NodeEditor/Old/NodeEditorV1.uexp" 952
"../../../Engine/Content/BasicShapes/BasicShapeMaterial.uasset" 953
"../../../Engine/Content/BasicShapes/BasicShapeMaterial.uexp" 954
"D:/Emergency Management/EmergencyManagement/Content/NodeEditor/Widgets/HospitalUI.uasset" 955
"D:/Emergency Management/EmergencyManagement/Content/NodeEditor/Widgets/HospitalUI.uexp" 956
"D:/Emergency Management/EmergencyManagement/Content/NodeEditor/Blueprints/TestRoom.uasset" 957
"D:/Emergency Management/EmergencyManagement/Content/NodeEditor/Blueprints/TestRoom.uexp" 958
"../../../Engine/Content/MapTemplates/SM_Template_Map_Floor.ubulk" 959
"../../../Engine/Content/MapTemplates/SM_Template_Map_Floor.uasset" 960
"../../../Engine/Content/MapTemplates/SM_Template_Map_Floor.uexp" 961
"D:/Emergency Management/EmergencyManagement/Content/NodeEditor/BP_NodeEditorPlayerController.uasset" 962
"D:/Emergency Management/EmergencyManagement/Content/NodeEditor/BP_NodeEditorPlayerController.uexp" 963
"D:/Emergency Management/EmergencyManagement/Content/NodeEditor/HospitalController.uasset" 964
"D:/Emergency Management/EmergencyManagement/Content/NodeEditor/HospitalController.uexp" 965
"D:/Emergency Management/EmergencyManagement/Content/NodeEditor/GM_NodeEditor.uasset" 966
"D:/Emergency Management/EmergencyManagement/Content/NodeEditor/GM_NodeEditor.uexp" 967
"D:/Emergency Management/EmergencyManagement/Content/ART/Mars/Modular2_FIX_/Modular2_Panel_Circle_001.ubulk" 968
"D:/Emergency Management/EmergencyManagement/Content/ART/Mars/Modular2_FIX_/Modular2_Panel_Circle_001.uasset" 969
"D:/Emergency Management/EmergencyManagement/Content/ART/Mars/Modular2_FIX_/Modular2_Panel_Circle_001.uexp" 970
"D:/Emergency Management/EmergencyManagement/Content/ART/Mars/Modular2_FIX_/Modular2_Door_1m.ubulk" 971
"D:/Emergency Management/EmergencyManagement/Content/ART/Mars/Modular2_FIX_/Modular2_Door_1m.uasset" 972
"D:/Emergency Management/EmergencyManagement/Content/ART/Mars/Modular2_FIX_/Modular2_Door_1m.uexp" 973
"D:/Emergency Management/EmergencyManagement/Content/ART/Mars/Modular2_FIX_/Modular2_Wall_End_1m_001.ubulk" 974
"D:/Emergency Management/EmergencyManagement/Content/ART/Mars/Modular2_FIX_/Modular2_Wall_End_1m_001.uasset" 975
"D:/Emergency Management/EmergencyManagement/Content/ART/Mars/Modular2_FIX_/Modular2_Wall_End_1m_001.uexp" 976
"D:/Emergency Management/EmergencyManagement/Content/ART/Mars/Modular2_FIX_/Modular2_Doorframe_1m.ubulk" 977
"D:/Emergency Management/EmergencyManagement/Content/ART/Mars/Modular2_FIX_/Modular2_Doorframe_1m.uasset" 978
"D:/Emergency Management/EmergencyManagement/Content/ART/Mars/Modular2_FIX_/Modular2_Doorframe_1m.uexp" 979
"D:/Emergency Management/EmergencyManagement/Content/ART/Mars/Modular2_FIX_/Modular2_Wall_2m_001.ubulk" 980
"D:/Emergency Management/EmergencyManagement/Content/ART/Mars/Modular2_FIX_/Modular2_Wall_2m_001.uasset" 981
"D:/Emergency Management/EmergencyManagement/Content/ART/Mars/Modular2_FIX_/Modular2_Wall_2m_001.uexp" 982
"D:/Emergency Management/EmergencyManagement/Content/ART/Mars/Modular2_FIX_/Modular2_Panel_2m_001.ubulk" 983
"D:/Emergency Management/EmergencyManagement/Content/ART/Mars/Modular2_FIX_/Modular2_Panel_2m_001.uasset" 984
"D:/Emergency Management/EmergencyManagement/Content/ART/Mars/Modular2_FIX_/Modular2_Panel_2m_001.uexp" 985
"../../../Engine/Content/EngineSky/M_SimpleSkyDome.uasset" 986
"../../../Engine/Content/EngineSky/M_SimpleSkyDome.uexp" 987
"D:/Emergency Management/EmergencyManagement/Content/ART/Mars/Modular2_FIX_/Modular2_Door_L.ubulk" 988
"D:/Emergency Management/EmergencyManagement/Content/ART/Mars/Modular2_FIX_/Modular2_Door_L.uasset" 989
"D:/Emergency Management/EmergencyManagement/Content/ART/Mars/Modular2_FIX_/Modular2_Door_L.uexp" 990
"D:/Emergency Management/EmergencyManagement/Content/ART/Mars/Modular2_FIX_/Modular2_Wall_T_1m_001.ubulk" 991
"D:/Emergency Management/EmergencyManagement/Content/ART/Mars/Modular2_FIX_/Modular2_Wall_T_1m_001.uasset" 992
"D:/Emergency Management/EmergencyManagement/Content/ART/Mars/Modular2_FIX_/Modular2_Wall_T_1m_001.uexp" 993
"D:/Emergency Management/EmergencyManagement/Content/ART/Mars/Modular2_FIX_/Modularwindows_Wall_T_1m_001.ubulk" 994
"D:/Emergency Management/EmergencyManagement/Content/ART/Mars/Modular2_FIX_/Modularwindows_Wall_T_1m_001.uasset" 995
"D:/Emergency Management/EmergencyManagement/Content/ART/Mars/Modular2_FIX_/Modularwindows_Wall_T_1m_001.uexp" 996
"D:/Emergency Management/EmergencyManagement/Content/ART/Mars/Modular2_FIX_/Modular2_Floor_Corner_2_001.ubulk" 997
"D:/Emergency Management/EmergencyManagement/Content/ART/Mars/Modular2_FIX_/Modular2_Floor_Corner_2_001.uasset" 998
"D:/Emergency Management/EmergencyManagement/Content/ART/Mars/Modular2_FIX_/Modular2_Floor_Corner_2_001.uexp" 999
"D:/Emergency Management/EmergencyManagement/Content/Mona/Mona_NodeEditor.uexp" 1000
"D:/Emergency Management/EmergencyManagement/Content/Mona/Mona_NodeEditor.umap" 1001
